#
# There is insufficient memory for the Java Runtime Environment to continue.
# Native memory allocation (malloc) failed to allocate 1703520 bytes. Error detail: Chunk::new
# Possible reasons:
#   The system is out of physical RAM or swap space
#   This process is running with CompressedOops enabled, and the Java Heap may be blocking the growth of the native heap
# Possible solutions:
#   Reduce memory load on the system
#   Increase physical memory or swap space
#   Check if swap backing store is full
#   Decrease Java heap size (-Xmx/-Xms)
#   Decrease number of Java threads
#   Decrease Java thread stack sizes (-Xss)
#   Set larger code cache with -XX:ReservedCodeCacheSize=
#   JVM is running with Zero Based Compressed Oops mode in which the Java heap is
#     placed in the first 32GB address space. The Java Heap base address is the
#     maximum limit for the native heap growth. Please use -XX:HeapBaseMinAddress
#     to set the Java Heap base and to place the Java Heap above 32GB virtual address.
# This output file may be truncated or incomplete.
#
#  Out of Memory Error (arena.cpp:191), pid=9784, tid=12428
#
# JRE version: OpenJDK Runtime Environment (17.0.11) (build 17.0.11+0--11852314)
# Java VM: OpenJDK 64-Bit Server VM (17.0.11+0--11852314, mixed mode, tiered, compressed oops, compressed class ptrs, g1 gc, windows-amd64)
# No core dump will be written. Minidumps are not enabled by default on client versions of Windows
#

---------------  S U M M A R Y ------------

Command Line: org.jetbrains.kotlin.cli.jvm.K2JVMCompiler @D:\Sem\FocusTime\app\build\20241130_3111259039157701056.compiler.options

Host: AMD Ryzen 5 5600H with Radeon Graphics         , 12 cores, 15G,  Windows 10 , 64 bit Build 19041 (10.0.19041.1739)
Time: Sat Nov 30 17:30:17 2024 RTZ 4 (s 10 , 64 bit Build 19041 (10.0.19041.1739) elapsed time: 6.965388 seconds (0d 0h 0m 6s)

---------------  T H R E A D  ---------------

Current thread (0x0000029895cadc70):  JavaThread "C2 CompilerThread2" daemon [_thread_in_native, id=12428, stack(0x000000fd66f00000,0x000000fd67000000)]


Current CompileTask:
C2:   6965 11418       4       jdk.internal.loader.BuiltinClassLoader::defineClass (121 bytes)

Stack: [0x000000fd66f00000,0x000000fd67000000]
Native frames: (J=compiled Java code, j=interpreted, Vv=VM code, C=native code)
V  [jvm.dll+0x687bb9]
V  [jvm.dll+0x84142a]
V  [jvm.dll+0x8430ae]
V  [jvm.dll+0x843713]
V  [jvm.dll+0x24a35f]
V  [jvm.dll+0xac544]
V  [jvm.dll+0xacb8c]
V  [jvm.dll+0x369c37]
V  [jvm.dll+0x33416a]
V  [jvm.dll+0x33360a]
V  [jvm.dll+0x21bed1]
V  [jvm.dll+0x21b311]
V  [jvm.dll+0x1a63ed]
V  [jvm.dll+0x22b1ee]
V  [jvm.dll+0x229375]
V  [jvm.dll+0x7f5647]
V  [jvm.dll+0x7efa4a]
V  [jvm.dll+0x686a35]
C  [ucrtbase.dll+0x21bb2]
C  [KERNEL32.DLL+0x17034]
C  [ntdll.dll+0x52651]


---------------  P R O C E S S  ---------------

Threads class SMR info:
_java_thread_list=0x0000029895e68770, length=14, elements={
0x00000298f019bfa0, 0x000002989506b260, 0x000002989506bee0, 0x000002989509a780,
0x000002989509c060, 0x000002989509ca20, 0x000002989509d3e0, 0x000002989509e180,
0x000002989509ec30, 0x00000298950a2380, 0x0000029895215ed0, 0x0000029895223af0,
0x00000298952a8880, 0x0000029895cadc70
}

Java Threads: ( => current thread )
  0x00000298f019bfa0 JavaThread "main" [_thread_in_native, id=12612, stack(0x000000fd65600000,0x000000fd65700000)]
  0x000002989506b260 JavaThread "Reference Handler" daemon [_thread_blocked, id=7024, stack(0x000000fd65d00000,0x000000fd65e00000)]
  0x000002989506bee0 JavaThread "Finalizer" daemon [_thread_blocked, id=12276, stack(0x000000fd65e00000,0x000000fd65f00000)]
  0x000002989509a780 JavaThread "Signal Dispatcher" daemon [_thread_blocked, id=8200, stack(0x000000fd65f00000,0x000000fd66000000)]
  0x000002989509c060 JavaThread "Attach Listener" daemon [_thread_blocked, id=12048, stack(0x000000fd66000000,0x000000fd66100000)]
  0x000002989509ca20 JavaThread "Service Thread" daemon [_thread_blocked, id=14168, stack(0x000000fd66100000,0x000000fd66200000)]
  0x000002989509d3e0 JavaThread "Monitor Deflation Thread" daemon [_thread_blocked, id=12280, stack(0x000000fd66200000,0x000000fd66300000)]
  0x000002989509e180 JavaThread "C2 CompilerThread0" daemon [_thread_in_native, id=10460, stack(0x000000fd66300000,0x000000fd66400000)]
  0x000002989509ec30 JavaThread "C1 CompilerThread0" daemon [_thread_blocked, id=14272, stack(0x000000fd66400000,0x000000fd66500000)]
  0x00000298950a2380 JavaThread "Sweeper thread" daemon [_thread_blocked, id=3556, stack(0x000000fd66500000,0x000000fd66600000)]
  0x0000029895215ed0 JavaThread "Notification Thread" daemon [_thread_blocked, id=1416, stack(0x000000fd66600000,0x000000fd66700000)]
  0x0000029895223af0 JavaThread "Common-Cleaner" daemon [_thread_blocked, id=13920, stack(0x000000fd66800000,0x000000fd66900000)]
  0x00000298952a8880 JavaThread "C2 CompilerThread1" daemon [_thread_in_native, id=8760, stack(0x000000fd66900000,0x000000fd66a00000)]
=>0x0000029895cadc70 JavaThread "C2 CompilerThread2" daemon [_thread_in_native, id=12428, stack(0x000000fd66f00000,0x000000fd67000000)]

Other Threads:
  0x00000298ffcaebc0 VMThread "VM Thread" [stack: 0x000000fd65c00000,0x000000fd65d00000] [id=6384]
  0x00000298952163b0 WatcherThread [stack: 0x000000fd66700000,0x000000fd66800000] [id=3628]
  0x00000298f23b42d0 GCTaskThread "GC Thread#0" [stack: 0x000000fd65700000,0x000000fd65800000] [id=13732]
  0x000002989580cbf0 GCTaskThread "GC Thread#1" [stack: 0x000000fd66a00000,0x000000fd66b00000] [id=11988]
  0x0000029895818fe0 GCTaskThread "GC Thread#2" [stack: 0x000000fd66b00000,0x000000fd66c00000] [id=8164]
  0x00000298958192a0 GCTaskThread "GC Thread#3" [stack: 0x000000fd66c00000,0x000000fd66d00000] [id=6220]
  0x0000029895819560 GCTaskThread "GC Thread#4" [stack: 0x000000fd66d00000,0x000000fd66e00000] [id=10308]
  0x00000298958232b0 GCTaskThread "GC Thread#5" [stack: 0x000000fd66e00000,0x000000fd66f00000] [id=13160]
  0x0000029895bfe820 GCTaskThread "GC Thread#6" [stack: 0x000000fd67000000,0x000000fd67100000] [id=9584]
  0x0000029895cbc4e0 GCTaskThread "GC Thread#7" [stack: 0x000000fd67100000,0x000000fd67200000] [id=2580]
  0x0000029895b30660 GCTaskThread "GC Thread#8" [stack: 0x000000fd67200000,0x000000fd67300000] [id=13236]
  0x0000029896220180 GCTaskThread "GC Thread#9" [stack: 0x000000fd67600000,0x000000fd67700000] [id=8592]
  0x00000298f23c48a0 ConcurrentGCThread "G1 Main Marker" [stack: 0x000000fd65800000,0x000000fd65900000] [id=2368]
  0x00000298f23c52c0 ConcurrentGCThread "G1 Conc#0" [stack: 0x000000fd65900000,0x000000fd65a00000] [id=1252]
  0x0000029895c45880 ConcurrentGCThread "G1 Conc#1" [stack: 0x000000fd67400000,0x000000fd67500000] [id=11624]
  0x0000029895bfe410 ConcurrentGCThread "G1 Conc#2" [stack: 0x000000fd67500000,0x000000fd67600000] [id=12536]
  0x00000298f240eb10 ConcurrentGCThread "G1 Refine#0" [stack: 0x000000fd65a00000,0x000000fd65b00000] [id=12848]
  0x0000029895b30920 ConcurrentGCThread "G1 Refine#1" [stack: 0x000000fd67300000,0x000000fd67400000] [id=3636]
  0x0000029897db97c0 ConcurrentGCThread "G1 Refine#2" [stack: 0x000000fd67700000,0x000000fd67800000] [id=13824]
  0x0000029899ca2c20 ConcurrentGCThread "G1 Refine#3" [stack: 0x000000fd67800000,0x000000fd67900000] [id=13112]
  0x0000029899ca34f0 ConcurrentGCThread "G1 Refine#4" [stack: 0x000000fd67900000,0x000000fd67a00000] [id=7756]
  0x0000029899ca4690 ConcurrentGCThread "G1 Refine#5" [stack: 0x000000fd67a00000,0x000000fd67b00000] [id=1768]
  0x0000029899ca5250 ConcurrentGCThread "G1 Refine#6" [stack: 0x000000fd67b00000,0x000000fd67c00000] [id=12608]
  0x00000298ffb48660 ConcurrentGCThread "G1 Service" [stack: 0x000000fd65b00000,0x000000fd65c00000] [id=8804]

Threads with active compile tasks:
C2 CompilerThread0     6972 11116       4       org.jetbrains.kotlin.fir.backend.Fir2IrTypeConverter::toIrType (1662 bytes)
C1 CompilerThread0     6972 11532       3       org.jetbrains.kotlin.utils.SmartIdentityTable::get (94 bytes)
C2 CompilerThread1     6972 11431       4       jdk.internal.loader.ClassLoaders$AppClassLoader::defineOrCheckPackage (8 bytes)
C2 CompilerThread2     6972 11418       4       jdk.internal.loader.BuiltinClassLoader::defineClass (121 bytes)

VM state: not at safepoint (normal execution)

VM Mutex/Monitor currently owned by a thread:  ([mutex/lock_event])
[0x00000298f00d86e0] CodeCache_lock - owner thread: 0x000002989509ec30
[0x00000298f234a610] Compile_lock - owner thread: 0x000002989509ec30
[0x00000298f234a3d0] MethodCompileQueue_lock - owner thread: 0x000002989509ec30

Heap address: 0x0000000709800000, size: 3944 MB, Compressed Oops mode: Zero based, Oop shift amount: 3

CDS archive(s) not mapped
Compressed class space mapped at: 0x0000000800000000-0x0000000840000000, reserved size: 1073741824
Narrow klass base: 0x0000000800000000, Narrow klass shift: 0, Narrow klass range: 0x40000000

GC Precious Log:
 CPUs: 12 total, 12 available
 Memory: 15773M
 Large Page Support: Disabled
 NUMA Support: Disabled
 Compressed Oops: Enabled (Zero based)
 Heap Region Size: 2M
 Heap Min Capacity: 8M
 Heap Initial Capacity: 248M
 Heap Max Capacity: 3944M
 Pre-touch: Disabled
 Parallel Workers: 10
 Concurrent Workers: 3
 Concurrent Refinement Workers: 10
 Periodic GC: Disabled

Heap:
 garbage-first heap   total 231424K, used 103570K [0x0000000709800000, 0x0000000800000000)
  region size 2048K, 11 young (22528K), 4 survivors (8192K)
 Metaspace       used 84616K, committed 84992K, reserved 1179648K
  class space    used 9347K, committed 9536K, reserved 1048576K

Heap Regions: E=young(eden), S=young(survivor), O=old, HS=humongous(starts), HC=humongous(continues), CS=collection set, F=free, OA=open archive, CA=closed archive, TAMS=top-at-mark-start (previous, next)
|   0|0x0000000709800000, 0x0000000709a00000, 0x0000000709a00000|100%|HS|  |TAMS 0x0000000709a00000, 0x0000000709800000| Complete 
|   1|0x0000000709a00000, 0x0000000709c00000, 0x0000000709c00000|100%|HC|  |TAMS 0x0000000709c00000, 0x0000000709a00000| Complete 
|   2|0x0000000709c00000, 0x0000000709e00000, 0x0000000709e00000|100%| O|  |TAMS 0x0000000709e00000, 0x0000000709c00000| Untracked 
|   3|0x0000000709e00000, 0x000000070a000000, 0x000000070a000000|100%| O|  |TAMS 0x000000070a000000, 0x0000000709e00000| Untracked 
|   4|0x000000070a000000, 0x000000070a200000, 0x000000070a200000|100%| O|  |TAMS 0x000000070a200000, 0x000000070a000000| Untracked 
|   5|0x000000070a200000, 0x000000070a400000, 0x000000070a400000|100%| O|  |TAMS 0x000000070a400000, 0x000000070a200000| Untracked 
|   6|0x000000070a400000, 0x000000070a600000, 0x000000070a600000|100%| O|  |TAMS 0x000000070a600000, 0x000000070a400000| Untracked 
|   7|0x000000070a600000, 0x000000070a800000, 0x000000070a800000|100%| O|  |TAMS 0x000000070a800000, 0x000000070a600000| Untracked 
|   8|0x000000070a800000, 0x000000070aa00000, 0x000000070aa00000|100%| O|  |TAMS 0x000000070aa00000, 0x000000070a800000| Untracked 
|   9|0x000000070aa00000, 0x000000070ac00000, 0x000000070ac00000|100%| O|  |TAMS 0x000000070ac00000, 0x000000070aa00000| Untracked 
|  10|0x000000070ac00000, 0x000000070ae00000, 0x000000070ae00000|100%| O|  |TAMS 0x000000070ae00000, 0x000000070ac00000| Untracked 
|  11|0x000000070ae00000, 0x000000070b000000, 0x000000070b000000|100%| O|  |TAMS 0x000000070b000000, 0x000000070ae00000| Untracked 
|  12|0x000000070b000000, 0x000000070b200000, 0x000000070b200000|100%| O|  |TAMS 0x000000070b200000, 0x000000070b000000| Untracked 
|  13|0x000000070b200000, 0x000000070b400000, 0x000000070b400000|100%| O|  |TAMS 0x000000070b400000, 0x000000070b200000| Untracked 
|  14|0x000000070b400000, 0x000000070b600000, 0x000000070b600000|100%| O|  |TAMS 0x000000070b600000, 0x000000070b400000| Untracked 
|  15|0x000000070b600000, 0x000000070b800000, 0x000000070b800000|100%| O|  |TAMS 0x000000070b800000, 0x000000070b600000| Untracked 
|  16|0x000000070b800000, 0x000000070ba00000, 0x000000070ba00000|100%| O|  |TAMS 0x000000070ba00000, 0x000000070b800000| Untracked 
|  17|0x000000070ba00000, 0x000000070bc00000, 0x000000070bc00000|100%| O|  |TAMS 0x000000070bc00000, 0x000000070ba00000| Untracked 
|  18|0x000000070bc00000, 0x000000070be00000, 0x000000070be00000|100%| O|  |TAMS 0x000000070be00000, 0x000000070bc00000| Untracked 
|  19|0x000000070be00000, 0x000000070c000000, 0x000000070c000000|100%| O|  |TAMS 0x000000070c000000, 0x000000070be00000| Untracked 
|  20|0x000000070c000000, 0x000000070c200000, 0x000000070c200000|100%| O|  |TAMS 0x000000070c200000, 0x000000070c000000| Untracked 
|  21|0x000000070c200000, 0x000000070c400000, 0x000000070c400000|100%| O|  |TAMS 0x000000070c400000, 0x000000070c200000| Untracked 
|  22|0x000000070c400000, 0x000000070c600000, 0x000000070c600000|100%| O|  |TAMS 0x000000070c600000, 0x000000070c400000| Untracked 
|  23|0x000000070c600000, 0x000000070c800000, 0x000000070c800000|100%| O|  |TAMS 0x000000070c800000, 0x000000070c600000| Untracked 
|  24|0x000000070c800000, 0x000000070ca00000, 0x000000070ca00000|100%| O|  |TAMS 0x000000070ca00000, 0x000000070c800000| Untracked 
|  25|0x000000070ca00000, 0x000000070cc00000, 0x000000070cc00000|100%| O|  |TAMS 0x000000070cc00000, 0x000000070ca00000| Untracked 
|  26|0x000000070cc00000, 0x000000070ce00000, 0x000000070ce00000|100%| O|  |TAMS 0x000000070cd24200, 0x000000070cc00000| Untracked 
|  27|0x000000070ce00000, 0x000000070d000000, 0x000000070d000000|100%| O|  |TAMS 0x000000070ce00000, 0x000000070ce00000| Untracked 
|  28|0x000000070d000000, 0x000000070d200000, 0x000000070d200000|100%| O|  |TAMS 0x000000070d000000, 0x000000070d000000| Untracked 
|  29|0x000000070d200000, 0x000000070d400000, 0x000000070d400000|100%| O|  |TAMS 0x000000070d200000, 0x000000070d200000| Untracked 
|  30|0x000000070d400000, 0x000000070d600000, 0x000000070d600000|100%| O|  |TAMS 0x000000070d400000, 0x000000070d400000| Untracked 
|  31|0x000000070d600000, 0x000000070d800000, 0x000000070d800000|100%| O|  |TAMS 0x000000070d600000, 0x000000070d600000| Untracked 
|  32|0x000000070d800000, 0x000000070da00000, 0x000000070da00000|100%| O|  |TAMS 0x000000070d800000, 0x000000070d800000| Untracked 
|  33|0x000000070da00000, 0x000000070dc00000, 0x000000070dc00000|100%| O|  |TAMS 0x000000070da00000, 0x000000070da00000| Untracked 
|  34|0x000000070dc00000, 0x000000070de00000, 0x000000070de00000|100%| O|  |TAMS 0x000000070dc00000, 0x000000070dc00000| Untracked 
|  35|0x000000070de00000, 0x000000070e000000, 0x000000070e000000|100%| O|  |TAMS 0x000000070de00000, 0x000000070de00000| Untracked 
|  36|0x000000070e000000, 0x000000070e200000, 0x000000070e200000|100%| O|  |TAMS 0x000000070e000000, 0x000000070e000000| Untracked 
|  37|0x000000070e200000, 0x000000070e400000, 0x000000070e400000|100%| O|  |TAMS 0x000000070e200000, 0x000000070e200000| Untracked 
|  38|0x000000070e400000, 0x000000070e600000, 0x000000070e600000|100%| O|  |TAMS 0x000000070e400000, 0x000000070e400000| Untracked 
|  39|0x000000070e600000, 0x000000070e800000, 0x000000070e800000|100%| O|  |TAMS 0x000000070e600000, 0x000000070e600000| Untracked 
|  40|0x000000070e800000, 0x000000070e9e4200, 0x000000070ea00000| 94%| O|  |TAMS 0x000000070e800000, 0x000000070e800000| Untracked 
|  41|0x000000070ea00000, 0x000000070ea00000, 0x000000070ec00000|  0%| F|  |TAMS 0x000000070ea00000, 0x000000070ea00000| Untracked 
|  42|0x000000070ec00000, 0x000000070ec00000, 0x000000070ee00000|  0%| F|  |TAMS 0x000000070ec00000, 0x000000070ec00000| Untracked 
|  43|0x000000070ee00000, 0x000000070ee00000, 0x000000070f000000|  0%| F|  |TAMS 0x000000070ee00000, 0x000000070ee00000| Untracked 
|  44|0x000000070f000000, 0x000000070f000000, 0x000000070f200000|  0%| F|  |TAMS 0x000000070f000000, 0x000000070f000000| Untracked 
|  45|0x000000070f200000, 0x000000070f200000, 0x000000070f400000|  0%| F|  |TAMS 0x000000070f200000, 0x000000070f200000| Untracked 
|  46|0x000000070f400000, 0x000000070f400000, 0x000000070f600000|  0%| F|  |TAMS 0x000000070f400000, 0x000000070f400000| Untracked 
|  47|0x000000070f600000, 0x000000070f600000, 0x000000070f800000|  0%| F|  |TAMS 0x000000070f600000, 0x000000070f600000| Untracked 
|  48|0x000000070f800000, 0x000000070f800000, 0x000000070fa00000|  0%| F|  |TAMS 0x000000070f800000, 0x000000070f800000| Untracked 
|  49|0x000000070fa00000, 0x000000070fa00000, 0x000000070fc00000|  0%| F|  |TAMS 0x000000070fa00000, 0x000000070fa00000| Untracked 
|  50|0x000000070fc00000, 0x000000070fc00000, 0x000000070fe00000|  0%| F|  |TAMS 0x000000070fc00000, 0x000000070fc00000| Untracked 
|  51|0x000000070fe00000, 0x000000070fe00000, 0x0000000710000000|  0%| F|  |TAMS 0x000000070fe00000, 0x000000070fe00000| Untracked 
|  52|0x0000000710000000, 0x0000000710000000, 0x0000000710200000|  0%| F|  |TAMS 0x0000000710000000, 0x0000000710000000| Untracked 
|  53|0x0000000710200000, 0x0000000710200000, 0x0000000710400000|  0%| F|  |TAMS 0x0000000710200000, 0x0000000710200000| Untracked 
|  54|0x0000000710400000, 0x0000000710400000, 0x0000000710600000|  0%| F|  |TAMS 0x0000000710400000, 0x0000000710400000| Untracked 
|  55|0x0000000710600000, 0x0000000710600000, 0x0000000710800000|  0%| F|  |TAMS 0x0000000710600000, 0x0000000710600000| Untracked 
|  56|0x0000000710800000, 0x0000000710800000, 0x0000000710a00000|  0%| F|  |TAMS 0x0000000710800000, 0x0000000710800000| Untracked 
|  57|0x0000000710a00000, 0x0000000710a00000, 0x0000000710c00000|  0%| F|  |TAMS 0x0000000710a00000, 0x0000000710a00000| Untracked 
|  58|0x0000000710c00000, 0x0000000710c00000, 0x0000000710e00000|  0%| F|  |TAMS 0x0000000710c00000, 0x0000000710c00000| Untracked 
|  59|0x0000000710e00000, 0x0000000710e00000, 0x0000000711000000|  0%| F|  |TAMS 0x0000000710e00000, 0x0000000710e00000| Untracked 
|  60|0x0000000711000000, 0x0000000711000000, 0x0000000711200000|  0%| F|  |TAMS 0x0000000711000000, 0x0000000711000000| Untracked 
|  61|0x0000000711200000, 0x0000000711200000, 0x0000000711400000|  0%| F|  |TAMS 0x0000000711200000, 0x0000000711200000| Untracked 
|  62|0x0000000711400000, 0x0000000711400000, 0x0000000711600000|  0%| F|  |TAMS 0x0000000711400000, 0x0000000711400000| Untracked 
|  63|0x0000000711600000, 0x0000000711600000, 0x0000000711800000|  0%| F|  |TAMS 0x0000000711600000, 0x0000000711600000| Untracked 
|  64|0x0000000711800000, 0x0000000711800000, 0x0000000711a00000|  0%| F|  |TAMS 0x0000000711800000, 0x0000000711800000| Untracked 
|  65|0x0000000711a00000, 0x0000000711a00000, 0x0000000711c00000|  0%| F|  |TAMS 0x0000000711a00000, 0x0000000711a00000| Untracked 
|  66|0x0000000711c00000, 0x0000000711c00000, 0x0000000711e00000|  0%| F|  |TAMS 0x0000000711c00000, 0x0000000711c00000| Untracked 
|  67|0x0000000711e00000, 0x0000000711e00000, 0x0000000712000000|  0%| F|  |TAMS 0x0000000711e00000, 0x0000000711e00000| Untracked 
|  68|0x0000000712000000, 0x0000000712140720, 0x0000000712200000| 62%| S|CS|TAMS 0x0000000712000000, 0x0000000712000000| Complete 
|  69|0x0000000712200000, 0x0000000712400000, 0x0000000712400000|100%| S|CS|TAMS 0x0000000712200000, 0x0000000712200000| Complete 
|  70|0x0000000712400000, 0x0000000712600000, 0x0000000712600000|100%| S|CS|TAMS 0x0000000712400000, 0x0000000712400000| Complete 
|  71|0x0000000712600000, 0x0000000712800000, 0x0000000712800000|100%| S|CS|TAMS 0x0000000712600000, 0x0000000712600000| Complete 
|  72|0x0000000712800000, 0x0000000712800000, 0x0000000712a00000|  0%| F|  |TAMS 0x0000000712800000, 0x0000000712800000| Untracked 
|  73|0x0000000712a00000, 0x0000000712a00000, 0x0000000712c00000|  0%| F|  |TAMS 0x0000000712a00000, 0x0000000712a00000| Untracked 
|  74|0x0000000712c00000, 0x0000000712c00000, 0x0000000712e00000|  0%| F|  |TAMS 0x0000000712c00000, 0x0000000712c00000| Untracked 
|  75|0x0000000712e00000, 0x0000000712e00000, 0x0000000713000000|  0%| F|  |TAMS 0x0000000712e00000, 0x0000000712e00000| Untracked 
|  76|0x0000000713000000, 0x0000000713000000, 0x0000000713200000|  0%| F|  |TAMS 0x0000000713000000, 0x0000000713000000| Untracked 
|  77|0x0000000713200000, 0x0000000713200000, 0x0000000713400000|  0%| F|  |TAMS 0x0000000713200000, 0x0000000713200000| Untracked 
|  78|0x0000000713400000, 0x0000000713400000, 0x0000000713600000|  0%| F|  |TAMS 0x0000000713400000, 0x0000000713400000| Untracked 
|  79|0x0000000713600000, 0x0000000713600000, 0x0000000713800000|  0%| F|  |TAMS 0x0000000713600000, 0x0000000713600000| Untracked 
|  80|0x0000000713800000, 0x0000000713800000, 0x0000000713a00000|  0%| F|  |TAMS 0x0000000713800000, 0x0000000713800000| Untracked 
|  81|0x0000000713a00000, 0x0000000713a00000, 0x0000000713c00000|  0%| F|  |TAMS 0x0000000713a00000, 0x0000000713a00000| Untracked 
|  82|0x0000000713c00000, 0x0000000713c00000, 0x0000000713e00000|  0%| F|  |TAMS 0x0000000713c00000, 0x0000000713c00000| Untracked 
|  83|0x0000000713e00000, 0x0000000713e00000, 0x0000000714000000|  0%| F|  |TAMS 0x0000000713e00000, 0x0000000713e00000| Untracked 
|  84|0x0000000714000000, 0x0000000714000000, 0x0000000714200000|  0%| F|  |TAMS 0x0000000714000000, 0x0000000714000000| Untracked 
|  85|0x0000000714200000, 0x0000000714200000, 0x0000000714400000|  0%| F|  |TAMS 0x0000000714200000, 0x0000000714200000| Untracked 
|  86|0x0000000714400000, 0x0000000714400000, 0x0000000714600000|  0%| F|  |TAMS 0x0000000714400000, 0x0000000714400000| Untracked 
|  87|0x0000000714600000, 0x0000000714600000, 0x0000000714800000|  0%| F|  |TAMS 0x0000000714600000, 0x0000000714600000| Untracked 
|  88|0x0000000714800000, 0x0000000714800000, 0x0000000714a00000|  0%| F|  |TAMS 0x0000000714800000, 0x0000000714800000| Untracked 
|  89|0x0000000714a00000, 0x0000000714a00000, 0x0000000714c00000|  0%| F|  |TAMS 0x0000000714a00000, 0x0000000714a00000| Untracked 
|  90|0x0000000714c00000, 0x0000000714c00000, 0x0000000714e00000|  0%| F|  |TAMS 0x0000000714c00000, 0x0000000714c00000| Untracked 
|  91|0x0000000714e00000, 0x0000000714e00000, 0x0000000715000000|  0%| F|  |TAMS 0x0000000714e00000, 0x0000000714e00000| Untracked 
|  92|0x0000000715000000, 0x0000000715000000, 0x0000000715200000|  0%| F|  |TAMS 0x0000000715000000, 0x0000000715000000| Untracked 
|  93|0x0000000715200000, 0x0000000715200000, 0x0000000715400000|  0%| F|  |TAMS 0x0000000715200000, 0x0000000715200000| Untracked 
|  94|0x0000000715400000, 0x0000000715400000, 0x0000000715600000|  0%| F|  |TAMS 0x0000000715400000, 0x0000000715400000| Untracked 
|  95|0x0000000715600000, 0x0000000715600000, 0x0000000715800000|  0%| F|  |TAMS 0x0000000715600000, 0x0000000715600000| Untracked 
|  96|0x0000000715800000, 0x0000000715800000, 0x0000000715a00000|  0%| F|  |TAMS 0x0000000715800000, 0x0000000715800000| Untracked 
|  97|0x0000000715a00000, 0x0000000715a00000, 0x0000000715c00000|  0%| F|  |TAMS 0x0000000715a00000, 0x0000000715a00000| Untracked 
|  98|0x0000000715c00000, 0x0000000715c00000, 0x0000000715e00000|  0%| F|  |TAMS 0x0000000715c00000, 0x0000000715c00000| Untracked 
|  99|0x0000000715e00000, 0x0000000715e00000, 0x0000000716000000|  0%| F|  |TAMS 0x0000000715e00000, 0x0000000715e00000| Untracked 
| 100|0x0000000716000000, 0x0000000716000000, 0x0000000716200000|  0%| F|  |TAMS 0x0000000716000000, 0x0000000716000000| Untracked 
| 101|0x0000000716200000, 0x0000000716200000, 0x0000000716400000|  0%| F|  |TAMS 0x0000000716200000, 0x0000000716200000| Untracked 
| 102|0x0000000716400000, 0x0000000716400000, 0x0000000716600000|  0%| F|  |TAMS 0x0000000716400000, 0x0000000716400000| Untracked 
| 103|0x0000000716600000, 0x0000000716600000, 0x0000000716800000|  0%| F|  |TAMS 0x0000000716600000, 0x0000000716600000| Untracked 
| 104|0x0000000716800000, 0x0000000716800000, 0x0000000716a00000|  0%| F|  |TAMS 0x0000000716800000, 0x0000000716800000| Untracked 
| 105|0x0000000716a00000, 0x0000000716a00000, 0x0000000716c00000|  0%| F|  |TAMS 0x0000000716a00000, 0x0000000716a00000| Untracked 
| 106|0x0000000716c00000, 0x0000000716d00800, 0x0000000716e00000| 50%| E|  |TAMS 0x0000000716c00000, 0x0000000716c00000| Complete 
| 107|0x0000000716e00000, 0x0000000717000000, 0x0000000717000000|100%| E|CS|TAMS 0x0000000716e00000, 0x0000000716e00000| Complete 
| 108|0x0000000717000000, 0x0000000717200000, 0x0000000717200000|100%| E|CS|TAMS 0x0000000717000000, 0x0000000717000000| Complete 
| 109|0x0000000717200000, 0x0000000717400000, 0x0000000717400000|100%| E|CS|TAMS 0x0000000717200000, 0x0000000717200000| Complete 
| 110|0x0000000717400000, 0x0000000717600000, 0x0000000717600000|100%| E|CS|TAMS 0x0000000717400000, 0x0000000717400000| Complete 
| 118|0x0000000718400000, 0x0000000718600000, 0x0000000718600000|100%| E|CS|TAMS 0x0000000718400000, 0x0000000718400000| Complete 
| 123|0x0000000718e00000, 0x0000000719000000, 0x0000000719000000|100%| E|CS|TAMS 0x0000000718e00000, 0x0000000718e00000| Complete 

Card table byte_map: [0x00000298f6540000,0x00000298f6d00000] _byte_map_base: 0x00000298f2cf4000

Marking Bits (Prev, Next): (CMBitMap*) 0x00000298f23b48f0, (CMBitMap*) 0x00000298f23b4930
 Prev Bits: [0x00000298f74c0000, 0x00000298fb260000)
 Next Bits: [0x00000298fb260000, 0x00000298ff000000)

Polling page: 0x00000298f1b10000

Metaspace:

Usage:
  Non-class:     73.53 MB used.
      Class:      9.13 MB used.
       Both:     82.66 MB used.

Virtual space:
  Non-class space:      128.00 MB reserved,      73.75 MB ( 58%) committed,  2 nodes.
      Class space:        1.00 GB reserved,       9.31 MB ( <1%) committed,  1 nodes.
             Both:        1.12 GB reserved,      83.06 MB (  7%) committed. 

Chunk freelists:
   Non-Class:  5.59 MB
       Class:  6.70 MB
        Both:  12.30 MB

MaxMetaspaceSize: unlimited
CompressedClassSpaceSize: 1.00 GB
Initial GC threshold: 21.00 MB
Current GC threshold: 101.81 MB
CDS: off
MetaspaceReclaimPolicy: balanced
 - commit_granule_bytes: 65536.
 - commit_granule_words: 8192.
 - virtual_space_node_default_size: 8388608.
 - enlarge_chunks_in_place: 1.
 - new_chunks_are_fully_committed: 0.
 - uncommit_free_chunks: 1.
 - use_allocation_guard: 0.
 - handle_deallocations: 1.


Internal statistics:

num_allocs_failed_limit: 12.
num_arena_births: 388.
num_arena_deaths: 0.
num_vsnodes_births: 3.
num_vsnodes_deaths: 0.
num_space_committed: 1326.
num_space_uncommitted: 0.
num_chunks_returned_to_freelist: 12.
num_chunks_taken_from_freelist: 3082.
num_chunk_merges: 12.
num_chunk_splits: 2562.
num_chunks_enlarged: 2321.
num_inconsistent_stats: 0.

CodeHeap 'non-profiled nmethods': size=120000Kb used=5242Kb max_used=5526Kb free=114757Kb
 bounds [0x0000029887ad0000, 0x0000029888040000, 0x000002988f000000]
CodeHeap 'profiled nmethods': size=120000Kb used=29609Kb max_used=29609Kb free=90390Kb
 bounds [0x0000029880000000, 0x0000029881d10000, 0x0000029887530000]
CodeHeap 'non-nmethods': size=5760Kb used=1439Kb max_used=1508Kb free=4320Kb
 bounds [0x0000029887530000, 0x00000298877a0000, 0x0000029887ad0000]
 total_blobs=10546 nmethods=9770 adapters=685
 compilation: enabled
              stopped_count=0, restarted_count=0
 full_count=0

Compilation events (20 events):
Event: 6.953 Thread 0x000002989509ec30 11467       3       org.jetbrains.org.objectweb.asm.commons.Method::<init> (11 bytes)
Event: 6.953 Thread 0x000002989509ec30 nmethod 11467 0x0000029880280510 code [0x00000298802806c0, 0x00000298802809a8]
Event: 6.953 Thread 0x000002989509ec30 11468       3       org.jetbrains.kotlin.resolve.jvm.jvmSignature.JvmMethodGenericSignature::<init> (28 bytes)
Event: 6.953 Thread 0x000002989509ec30 nmethod 11468 0x00000298802a9910 code [0x00000298802a9b00, 0x00000298802a9fd8]
Event: 6.953 Thread 0x000002989509ec30 11469       3       org.jetbrains.kotlin.resolve.jvm.jvmSignature.JvmMethodSignature::<init> (31 bytes)
Event: 6.953 Thread 0x000002989509ec30 nmethod 11469 0x00000298804c7e10 code [0x00000298804c7fe0, 0x00000298804c8318]
Event: 6.953 Thread 0x000002989509ec30 11479       3       org.jetbrains.kotlin.codegen.signature.JvmSignatureWriter::writeParametersStart (5 bytes)
Event: 6.953 Thread 0x000002989509ec30 nmethod 11479 0x0000029880676610 code [0x00000298806767a0, 0x0000029880676938]
Event: 6.953 Thread 0x000002989509ec30 11480       3       org.jetbrains.kotlin.codegen.signature.JvmSignatureWriter::writeReturnType (1 bytes)
Event: 6.953 Thread 0x000002989509ec30 nmethod 11480 0x0000029880660190 code [0x0000029880660320, 0x0000029880660438]
Event: 6.953 Thread 0x000002989509ec30 11484       1       org.jetbrains.kotlin.backend.jvm.codegen.ClassCodegen::getMethodSignatureMapper (5 bytes)
Event: 6.953 Thread 0x000002989509ec30 nmethod 11484 0x0000029887cd3590 code [0x0000029887cd3720, 0x0000029887cd37f8]
Event: 6.953 Thread 0x000002989509ec30 11483       1       org.jetbrains.org.objectweb.asm.commons.Method::getName (5 bytes)
Event: 6.953 Thread 0x000002989509ec30 nmethod 11483 0x0000029887cd3290 code [0x0000029887cd3420, 0x0000029887cd34f8]
Event: 6.953 Thread 0x000002989509ec30 11485       1       org.jetbrains.org.objectweb.asm.commons.Method::getDescriptor (5 bytes)
Event: 6.953 Thread 0x000002989509ec30 nmethod 11485 0x0000029887cd2f90 code [0x0000029887cd3120, 0x0000029887cd31f8]
Event: 6.953 Thread 0x000002989509ec30 11452       3       java.util.Stack::push (7 bytes)
Event: 6.954 Thread 0x000002989509ec30 nmethod 11452 0x0000029881cef710 code [0x0000029881cef8e0, 0x0000029881cefee8]
Event: 6.955 Thread 0x000002989509ec30 11494       3       org.jetbrains.kotlin.protobuf.WireFormat::makeTag (6 bytes)
Event: 6.955 Thread 0x000002989509ec30 nmethod 11494 0x00000298800c2490 code [0x00000298800c2620, 0x00000298800c2718]

GC Heap History (20 events):
Event: 1.971 GC heap before
{Heap before GC invocations=9 (full 0):
 garbage-first heap   total 69632K, used 54493K [0x0000000709800000, 0x0000000800000000)
  region size 2048K, 20 young (40960K), 1 survivors (2048K)
 Metaspace       used 42544K, committed 42816K, reserved 1114112K
  class space    used 5106K, committed 5248K, reserved 1048576K
}
Event: 1.979 GC heap after
{Heap after GC invocations=10 (full 0):
 garbage-first heap   total 69632K, used 23398K [0x0000000709800000, 0x0000000800000000)
  region size 2048K, 4 young (8192K), 4 survivors (8192K)
 Metaspace       used 42544K, committed 42816K, reserved 1114112K
  class space    used 5106K, committed 5248K, reserved 1048576K
}
Event: 1.983 GC heap before
{Heap before GC invocations=10 (full 0):
 garbage-first heap   total 69632K, used 25446K [0x0000000709800000, 0x0000000800000000)
  region size 2048K, 5 young (10240K), 4 survivors (8192K)
 Metaspace       used 42554K, committed 42880K, reserved 1114112K
  class space    used 5106K, committed 5248K, reserved 1048576K
}
Event: 1.991 GC heap after
{Heap after GC invocations=11 (full 0):
 garbage-first heap   total 69632K, used 24076K [0x0000000709800000, 0x0000000800000000)
  region size 2048K, 1 young (2048K), 1 survivors (2048K)
 Metaspace       used 42554K, committed 42880K, reserved 1114112K
  class space    used 5106K, committed 5248K, reserved 1048576K
}
Event: 2.074 GC heap before
{Heap before GC invocations=11 (full 0):
 garbage-first heap   total 69632K, used 46604K [0x0000000709800000, 0x0000000800000000)
  region size 2048K, 12 young (24576K), 1 survivors (2048K)
 Metaspace       used 43199K, committed 43456K, reserved 1114112K
  class space    used 5151K, committed 5248K, reserved 1048576K
}
Event: 2.083 GC heap after
{Heap after GC invocations=12 (full 0):
 garbage-first heap   total 163840K, used 31933K [0x0000000709800000, 0x0000000800000000)
  region size 2048K, 2 young (4096K), 2 survivors (4096K)
 Metaspace       used 43199K, committed 43456K, reserved 1114112K
  class space    used 5151K, committed 5248K, reserved 1048576K
}
Event: 3.072 GC heap before
{Heap before GC invocations=12 (full 0):
 garbage-first heap   total 163840K, used 101565K [0x0000000709800000, 0x0000000800000000)
  region size 2048K, 36 young (73728K), 2 survivors (4096K)
 Metaspace       used 54774K, committed 55040K, reserved 1114112K
  class space    used 6618K, committed 6720K, reserved 1048576K
}
Event: 3.087 GC heap after
{Heap after GC invocations=13 (full 0):
 garbage-first heap   total 163840K, used 43582K [0x0000000709800000, 0x0000000800000000)
  region size 2048K, 5 young (10240K), 5 survivors (10240K)
 Metaspace       used 54774K, committed 55040K, reserved 1114112K
  class space    used 6618K, committed 6720K, reserved 1048576K
}
Event: 3.862 GC heap before
{Heap before GC invocations=13 (full 0):
 garbage-first heap   total 163840K, used 100926K [0x0000000709800000, 0x0000000800000000)
  region size 2048K, 33 young (67584K), 5 survivors (10240K)
 Metaspace       used 59493K, committed 59776K, reserved 1114112K
  class space    used 7070K, committed 7168K, reserved 1048576K
}
Event: 3.883 GC heap after
{Heap after GC invocations=14 (full 0):
 garbage-first heap   total 163840K, used 54216K [0x0000000709800000, 0x0000000800000000)
  region size 2048K, 5 young (10240K), 5 survivors (10240K)
 Metaspace       used 59493K, committed 59776K, reserved 1114112K
  class space    used 7070K, committed 7168K, reserved 1048576K
}
Event: 3.911 GC heap before
{Heap before GC invocations=14 (full 0):
 garbage-first heap   total 163840K, used 56264K [0x0000000709800000, 0x0000000800000000)
  region size 2048K, 7 young (14336K), 5 survivors (10240K)
 Metaspace       used 60061K, committed 60288K, reserved 1114112K
  class space    used 7155K, committed 7232K, reserved 1048576K
}
Event: 3.922 GC heap after
{Heap after GC invocations=15 (full 0):
 garbage-first heap   total 163840K, used 56333K [0x0000000709800000, 0x0000000800000000)
  region size 2048K, 1 young (2048K), 1 survivors (2048K)
 Metaspace       used 60061K, committed 60288K, reserved 1114112K
  class space    used 7155K, committed 7232K, reserved 1048576K
}
Event: 4.543 GC heap before
{Heap before GC invocations=16 (full 0):
 garbage-first heap   total 163840K, used 113677K [0x0000000709800000, 0x0000000800000000)
  region size 2048K, 29 young (59392K), 1 survivors (2048K)
 Metaspace       used 62212K, committed 62464K, reserved 1114112K
  class space    used 7338K, committed 7424K, reserved 1048576K
}
Event: 4.558 GC heap after
{Heap after GC invocations=17 (full 0):
 garbage-first heap   total 163840K, used 65417K [0x0000000709800000, 0x0000000800000000)
  region size 2048K, 4 young (8192K), 4 survivors (8192K)
 Metaspace       used 62212K, committed 62464K, reserved 1114112K
  class space    used 7338K, committed 7424K, reserved 1048576K
}
Event: 5.081 GC heap before
{Heap before GC invocations=18 (full 0):
 garbage-first heap   total 163840K, used 118665K [0x0000000709800000, 0x0000000800000000)
  region size 2048K, 30 young (61440K), 4 survivors (8192K)
 Metaspace       used 68836K, committed 69120K, reserved 1114112K
  class space    used 7970K, committed 8064K, reserved 1048576K
}
Event: 5.096 GC heap after
{Heap after GC invocations=19 (full 0):
 garbage-first heap   total 163840K, used 74005K [0x0000000709800000, 0x0000000800000000)
  region size 2048K, 4 young (8192K), 4 survivors (8192K)
 Metaspace       used 68836K, committed 69120K, reserved 1114112K
  class space    used 7970K, committed 8064K, reserved 1048576K
}
Event: 5.534 GC heap before
{Heap before GC invocations=19 (full 0):
 garbage-first heap   total 163840K, used 121109K [0x0000000709800000, 0x0000000800000000)
  region size 2048K, 27 young (55296K), 4 survivors (8192K)
 Metaspace       used 70962K, committed 71232K, reserved 1114112K
  class space    used 8096K, committed 8192K, reserved 1048576K
}
Event: 5.553 GC heap after
{Heap after GC invocations=20 (full 0):
 garbage-first heap   total 231424K, used 83355K [0x0000000709800000, 0x0000000800000000)
  region size 2048K, 4 young (8192K), 4 survivors (8192K)
 Metaspace       used 70962K, committed 71232K, reserved 1114112K
  class space    used 8096K, committed 8192K, reserved 1048576K
}
Event: 6.725 GC heap before
{Heap before GC invocations=20 (full 0):
 garbage-first heap   total 231424K, used 167323K [0x0000000709800000, 0x0000000800000000)
  region size 2048K, 45 young (92160K), 4 survivors (8192K)
 Metaspace       used 81913K, committed 82240K, reserved 1179648K
  class space    used 9113K, committed 9216K, reserved 1048576K
}
Event: 6.742 GC heap after
{Heap after GC invocations=21 (full 0):
 garbage-first heap   total 231424K, used 91282K [0x0000000709800000, 0x0000000800000000)
  region size 2048K, 4 young (8192K), 4 survivors (8192K)
 Metaspace       used 81913K, committed 82240K, reserved 1179648K
  class space    used 9113K, committed 9216K, reserved 1048576K
}

Dll operation events (2 events):
Event: 0.003 Loaded shared library C:\Program Files\Android\Android Studio\jbr\bin\java.dll
Event: 0.828 Loaded shared library C:\Program Files\Android\Android Studio\jbr\bin\verify.dll

Deoptimization events (20 events):
Event: 6.841 Thread 0x00000298f019bfa0 Uncommon trap: trap_request=0xffffff45 fr.pc=0x000002988802a918 relative=0x00000000000001f8
Event: 6.841 Thread 0x00000298f019bfa0 Uncommon trap: reason=unstable_if action=reinterpret pc=0x000002988802a918 method=org.jetbrains.kotlin.utils.ThreadLocalDelegate.getValue(Ljava/lang/Object;Lkotlin/reflect/KProperty;)Ljava/lang/Object; @ 31 c2
Event: 6.841 Thread 0x00000298f019bfa0 DEOPT PACKING pc=0x000002988802a918 sp=0x000000fd656fdde0
Event: 6.841 Thread 0x00000298f019bfa0 DEOPT UNPACKING pc=0x00000298875869a3 sp=0x000000fd656fdd68 mode 2
Event: 6.886 Thread 0x00000298f019bfa0 Uncommon trap: trap_request=0xffffff45 fr.pc=0x0000029887ef19a0 relative=0x0000000000000220
Event: 6.886 Thread 0x00000298f019bfa0 Uncommon trap: reason=unstable_if action=reinterpret pc=0x0000029887ef19a0 method=java.util.HashMap.clear()V @ 23 c2
Event: 6.886 Thread 0x00000298f019bfa0 DEOPT PACKING pc=0x0000029887ef19a0 sp=0x000000fd656fde00
Event: 6.886 Thread 0x00000298f019bfa0 DEOPT UNPACKING pc=0x00000298875869a3 sp=0x000000fd656fdda8 mode 2
Event: 6.925 Thread 0x00000298f019bfa0 Uncommon trap: trap_request=0xffffff45 fr.pc=0x0000029887ed9c6c relative=0x0000000000000a6c
Event: 6.925 Thread 0x00000298f019bfa0 Uncommon trap: reason=unstable_if action=reinterpret pc=0x0000029887ed9c6c method=org.jetbrains.kotlin.utils.SmartSet.add(Ljava/lang/Object;)Z @ 32 c2
Event: 6.925 Thread 0x00000298f019bfa0 DEOPT PACKING pc=0x0000029887ed9c6c sp=0x000000fd656fe050
Event: 6.925 Thread 0x00000298f019bfa0 DEOPT UNPACKING pc=0x00000298875869a3 sp=0x000000fd656fe028 mode 2
Event: 6.956 Thread 0x00000298f019bfa0 Uncommon trap: trap_request=0xffffff45 fr.pc=0x0000029887d98d2c relative=0x000000000000074c
Event: 6.956 Thread 0x00000298f019bfa0 Uncommon trap: reason=unstable_if action=reinterpret pc=0x0000029887d98d2c method=org.jetbrains.kotlin.metadata.ProtoBuf$Function.isInitialized()Z @ 7 c2
Event: 6.956 Thread 0x00000298f019bfa0 DEOPT PACKING pc=0x0000029887d98d2c sp=0x000000fd656fde40
Event: 6.956 Thread 0x00000298f019bfa0 DEOPT UNPACKING pc=0x00000298875869a3 sp=0x000000fd656fddd0 mode 2
Event: 6.957 Thread 0x00000298f019bfa0 Uncommon trap: trap_request=0xffffff45 fr.pc=0x0000029887c8377c relative=0x000000000000075c
Event: 6.957 Thread 0x00000298f019bfa0 Uncommon trap: reason=unstable_if action=reinterpret pc=0x0000029887c8377c method=java.util.ArrayList.grow(I)[Ljava/lang/Object; @ 17 c2
Event: 6.957 Thread 0x00000298f019bfa0 DEOPT PACKING pc=0x0000029887c8377c sp=0x000000fd656fdc50
Event: 6.957 Thread 0x00000298f019bfa0 DEOPT UNPACKING pc=0x00000298875869a3 sp=0x000000fd656fdbb0 mode 2

Classes unloaded (0 events):
No events

Classes redefined (0 events):
No events

Internal exceptions (20 events):
Event: 4.753 Thread 0x00000298f019bfa0 Exception <a 'java/lang/NoSuchMethodError'{0x0000000711d15f40}: 'java.lang.Object java.lang.invoke.DirectMethodHandle$Holder.invokeStatic(java.lang.Object, java.lang.Object, int)'> (0x0000000711d15f40) 
thrown [s\src\hotspot\share\interpreter\linkResolver.cpp, line 771]
Event: 4.985 Thread 0x00000298f019bfa0 Exception <a 'java/lang/NoSuchMethodError'{0x00000007108dd0b0}: 'java.lang.Object java.lang.invoke.DirectMethodHandle$Holder.invokeStatic(java.lang.Object, java.lang.Object, int, int)'> (0x00000007108dd0b0) 
thrown [s\src\hotspot\share\interpreter\linkResolver.cpp, line 771]
Event: 4.986 Thread 0x00000298f019bfa0 Exception <a 'java/lang/NoSuchMethodError'{0x00000007108e4258}: 'java.lang.Object java.lang.invoke.DirectMethodHandle$Holder.newInvokeSpecial(java.lang.Object, java.lang.Object, int, int)'> (0x00000007108e4258) 
thrown [s\src\hotspot\share\interpreter\linkResolver.cpp, line 771]
Event: 4.986 Thread 0x00000298f019bfa0 Exception <a 'java/lang/NoSuchMethodError'{0x00000007108e83f0}: 'java.lang.Object java.lang.invoke.DirectMethodHandle$Holder.invokeSpecial(java.lang.Object, java.lang.Object, java.lang.Object, int, int)'> (0x00000007108e83f0) 
thrown [s\src\hotspot\share\interpreter\linkResolver.cpp, line 771]
Event: 4.987 Thread 0x00000298f019bfa0 Exception <a 'java/lang/NoSuchMethodError'{0x00000007108ebf78}: 'java.lang.Object java.lang.invoke.Invokers$Holder.linkToTargetMethod(java.lang.Object, int, int, java.lang.Object)'> (0x00000007108ebf78) 
thrown [s\src\hotspot\share\interpreter\linkResolver.cpp, line 771]
Event: 4.998 Thread 0x00000298f019bfa0 Exception <a 'java/lang/NoSuchMethodError'{0x000000071094ff00}: 'java.lang.Object java.lang.invoke.DirectMethodHandle$Holder.newInvokeSpecial(java.lang.Object, java.lang.Object, java.lang.Object, java.lang.Object, java.lang.Object, java.lang.Object, java.lang.Object, int)'> (0x000000071094ff00) 
thrown [s\src\hotspot\share\interpreter\linkResolver.cpp, line 771]
Event: 4.998 Thread 0x00000298f019bfa0 Exception <a 'java/lang/NoSuchMethodError'{0x0000000710954fc0}: 'java.lang.Object java.lang.invoke.DirectMethodHandle$Holder.invokeSpecial(java.lang.Object, java.lang.Object, java.lang.Object, java.lang.Object, java.lang.Object, java.lang.Object, java.lang.Object, java.lang.Object, int)'> (0x0000000710954fc0) 
thrown [s\src\hotspot\share\interpreter\linkResolver.cpp, line 771]
Event: 4.999 Thread 0x00000298f019bfa0 Exception <a 'java/lang/NoSuchMethodError'{0x0000000710959980}: 'java.lang.Object java.lang.invoke.Invokers$Holder.linkToTargetMethod(java.lang.Object, java.lang.Object, java.lang.Object, java.lang.Object, java.lang.Object, java.lang.Object, int, java.lang.Object)'> (0x0000000710959980) 
thrown [s\src\hotspot\share\interpreter\linkResolver.cpp, line 771]
Event: 5.683 Thread 0x00000298f019bfa0 Exception <a 'java/lang/NoSuchMethodError'{0x0000000716f2f008}: 'java.lang.Object java.lang.invoke.DirectMethodHandle$Holder.newInvokeSpecial(java.lang.Object, int, java.lang.Object, int)'> (0x0000000716f2f008) 
thrown [s\src\hotspot\share\interpreter\linkResolver.cpp, line 771]
Event: 5.922 Thread 0x00000298f019bfa0 Exception <a 'java/lang/NoSuchMethodError'{0x00000007161f4ce8}: 'java.lang.Object java.lang.invoke.DirectMethodHandle$Holder.newInvokeSpecial(java.lang.Object, java.lang.Object, java.lang.Object, int, int, java.lang.Object)'> (0x00000007161f4ce8) 
thrown [s\src\hotspot\share\interpreter\linkResolver.cpp, line 771]
Event: 6.238 Thread 0x00000298f019bfa0 Exception <a 'java/lang/NoSuchMethodError'{0x0000000714afb700}: 'java.lang.Object java.lang.invoke.DirectMethodHandle$Holder.invokeStatic(java.lang.Object, java.lang.Object, java.lang.Object, java.lang.Object, java.lang.Object, java.lang.Object, java.lang.Object, int, java.lang.Object, java.lang.Object)'> (0x0000000714afb700) 
thrown [s\src\hotspot\share\interpreter\linkResolver.cpp, line 771]
Event: 6.338 Thread 0x00000298f019bfa0 Implicit null exception at 0x00000298880252a8 to 0x00000298880254ec
Event: 6.365 Thread 0x00000298f019bfa0 Exception <a 'java/lang/NoSuchMethodError'{0x000000071457fc90}: 'java.lang.Object java.lang.invoke.DirectMethodHandle$Holder.newInvokeSpecial(java.lang.Object, java.lang.Object, int, java.lang.Object)'> (0x000000071457fc90) 
thrown [s\src\hotspot\share\interpreter\linkResolver.cpp, line 771]
Event: 6.365 Thread 0x00000298f019bfa0 Exception <a 'java/lang/NoSuchMethodError'{0x0000000714583ff8}: 'java.lang.Object java.lang.invoke.DirectMethodHandle$Holder.invokeSpecial(java.lang.Object, java.lang.Object, java.lang.Object, int, java.lang.Object)'> (0x0000000714583ff8) 
thrown [s\src\hotspot\share\interpreter\linkResolver.cpp, line 771]
Event: 6.365 Thread 0x00000298f019bfa0 Exception <a 'java/lang/NoSuchMethodError'{0x0000000714587c30}: 'java.lang.Object java.lang.invoke.Invokers$Holder.linkToTargetMethod(java.lang.Object, int, java.lang.Object, java.lang.Object)'> (0x0000000714587c30) 
thrown [s\src\hotspot\share\interpreter\linkResolver.cpp, line 771]
Event: 6.884 Thread 0x00000298f019bfa0 Exception <a 'java/lang/NoSuchMethodError'{0x000000071739a8d0}: 'java.lang.Object java.lang.invoke.DirectMethodHandle$Holder.invokeStatic(java.lang.Object, int, int)'> (0x000000071739a8d0) 
thrown [s\src\hotspot\share\interpreter\linkResolver.cpp, line 771]
Event: 6.944 Thread 0x00000298f019bfa0 Exception <a 'java/lang/NoSuchMethodError'{0x0000000716ece510}: 'java.lang.Object java.lang.invoke.DirectMethodHandle$Holder.invokeStatic(java.lang.Object, java.lang.Object, java.lang.Object, java.lang.Object, java.lang.Object, int, java.lang.Object, java.lang.Object)'> (0x0000000716ece510) 
thrown [s\src\hotspot\share\interpreter\linkResolver.cpp, line 771]
Event: 6.945 Thread 0x00000298f019bfa0 Exception <a 'java/lang/NoSuchMethodError'{0x0000000716ed8a50}: 'java.lang.Object java.lang.invoke.DirectMethodHandle$Holder.newInvokeSpecial(java.lang.Object, java.lang.Object, java.lang.Object, java.lang.Object, java.lang.Object, int, java.lang.Object)'> (0x0000000716ed8a50) 
thrown [s\src\hotspot\share\interpreter\linkResolver.cpp, line 771]
Event: 6.945 Thread 0x00000298f019bfa0 Exception <a 'java/lang/NoSuchMethodError'{0x0000000716edd6a8}: 'java.lang.Object java.lang.invoke.DirectMethodHandle$Holder.invokeSpecial(java.lang.Object, java.lang.Object, java.lang.Object, java.lang.Object, java.lang.Object, java.lang.Object, int, java.lang.Object)'> (0x0000000716edd6a8) 
thrown [s\src\hotspot\share\interpreter\linkResolver.cpp, line 771]
Event: 6.945 Thread 0x00000298f019bfa0 Exception <a 'java/lang/NoSuchMethodError'{0x0000000716ee1898}: 'java.lang.Object java.lang.invoke.Invokers$Holder.linkToTargetMethod(java.lang.Object, java.lang.Object, java.lang.Object, java.lang.Object, int, java.lang.Object, java.lang.Object)'> (0x0000000716ee1898) 
thrown [s\src\hotspot\share\interpreter\linkResolver.cpp, line 771]

VM Operations (20 events):
Event: 6.395 Executing VM operation: HandshakeAllThreads
Event: 6.395 Executing VM operation: HandshakeAllThreads done
Event: 6.447 Executing VM operation: ICBufferFull
Event: 6.447 Executing VM operation: ICBufferFull done
Event: 6.451 Executing VM operation: HandshakeAllThreads
Event: 6.451 Executing VM operation: HandshakeAllThreads done
Event: 6.616 Executing VM operation: ICBufferFull
Event: 6.616 Executing VM operation: ICBufferFull done
Event: 6.713 Executing VM operation: ICBufferFull
Event: 6.713 Executing VM operation: ICBufferFull done
Event: 6.725 Executing VM operation: G1CollectForAllocation
Event: 6.742 Executing VM operation: G1CollectForAllocation done
Event: 6.799 Executing VM operation: HandshakeAllThreads
Event: 6.799 Executing VM operation: HandshakeAllThreads done
Event: 6.817 Executing VM operation: HandshakeAllThreads
Event: 6.817 Executing VM operation: HandshakeAllThreads done
Event: 6.890 Executing VM operation: HandshakeAllThreads
Event: 6.890 Executing VM operation: HandshakeAllThreads done
Event: 6.943 Executing VM operation: HandshakeAllThreads
Event: 6.943 Executing VM operation: HandshakeAllThreads done

Events (20 events):
Event: 6.464 Thread 0x00000298950a2380 flushing nmethod 0x00000298818abb10
Event: 6.464 Thread 0x00000298950a2380 flushing nmethod 0x00000298818f8490
Event: 6.464 Thread 0x00000298950a2380 flushing nmethod 0x00000298818f8e10
Event: 6.464 Thread 0x00000298950a2380 flushing nmethod 0x00000298818fb310
Event: 6.464 Thread 0x00000298950a2380 flushing nmethod 0x000002988191dd10
Event: 6.464 Thread 0x00000298950a2380 flushing nmethod 0x0000029881929d10
Event: 6.464 Thread 0x00000298950a2380 flushing nmethod 0x000002988193fc90
Event: 6.464 Thread 0x00000298950a2380 flushing nmethod 0x0000029881942910
Event: 6.465 Thread 0x00000298950a2380 flushing nmethod 0x00000298819b7b90
Event: 6.465 Thread 0x00000298950a2380 flushing nmethod 0x00000298819c3d90
Event: 6.465 Thread 0x00000298950a2380 flushing nmethod 0x00000298819c5c90
Event: 6.465 Thread 0x00000298950a2380 flushing nmethod 0x00000298819d3b90
Event: 6.465 Thread 0x00000298950a2380 flushing nmethod 0x00000298819d8190
Event: 6.465 Thread 0x00000298950a2380 flushing nmethod 0x00000298819fdc90
Event: 6.465 Thread 0x00000298950a2380 flushing nmethod 0x0000029881a68c10
Event: 6.465 Thread 0x00000298950a2380 flushing nmethod 0x0000029881a76c90
Event: 6.807 loading class java/lang/TypeNotPresentException
Event: 6.807 loading class java/lang/TypeNotPresentException done
Event: 6.909 loading class java/util/Vector$Itr
Event: 6.909 loading class java/util/Vector$Itr done


Dynamic libraries:
0x00007ff63b1a0000 - 0x00007ff63b1aa000 	C:\Program Files\Android\Android Studio\jbr\bin\java.exe
0x00007ff9fde30000 - 0x00007ff9fe027000 	C:\Windows\SYSTEM32\ntdll.dll
0x00007ff9fca20000 - 0x00007ff9fcadd000 	C:\Windows\System32\KERNEL32.DLL
0x00007ff9fb760000 - 0x00007ff9fba2d000 	C:\Windows\System32\KERNELBASE.dll
0x00007ff9fbac0000 - 0x00007ff9fbbc0000 	C:\Windows\System32\ucrtbase.dll
0x00007ff9f2e40000 - 0x00007ff9f2e5b000 	C:\Program Files\Android\Android Studio\jbr\bin\VCRUNTIME140.dll
0x00007ff9f64d0000 - 0x00007ff9f64e7000 	C:\Program Files\Android\Android Studio\jbr\bin\jli.dll
0x00007ff9fd3c0000 - 0x00007ff9fd560000 	C:\Windows\System32\USER32.dll
0x00007ff9fbe60000 - 0x00007ff9fbe82000 	C:\Windows\System32\win32u.dll
0x00007ff9ec170000 - 0x00007ff9ec40a000 	C:\Windows\WinSxS\amd64_microsoft.windows.common-controls_6595b64144ccf1df_6.0.19041.1110_none_60b5254171f9507e\COMCTL32.dll
0x00007ff9fd5e0000 - 0x00007ff9fd60a000 	C:\Windows\System32\GDI32.dll
0x00007ff9fd320000 - 0x00007ff9fd3be000 	C:\Windows\System32\msvcrt.dll
0x00007ff9fb600000 - 0x00007ff9fb70b000 	C:\Windows\System32\gdi32full.dll
0x00007ff9fbd90000 - 0x00007ff9fbe2d000 	C:\Windows\System32\msvcp_win.dll
0x00007ff9fd670000 - 0x00007ff9fd6a0000 	C:\Windows\System32\IMM32.DLL
0x00007ff9f0a80000 - 0x00007ff9f0a8c000 	C:\Program Files\Android\Android Studio\jbr\bin\vcruntime140_1.dll
0x00007ff9e4980000 - 0x00007ff9e4a0d000 	C:\Program Files\Android\Android Studio\jbr\bin\msvcp140.dll
0x00007ff990fc0000 - 0x00007ff991c43000 	C:\Program Files\Android\Android Studio\jbr\bin\server\jvm.dll
0x00007ff9fc1a0000 - 0x00007ff9fc24e000 	C:\Windows\System32\ADVAPI32.dll
0x00007ff9fcc90000 - 0x00007ff9fcd2c000 	C:\Windows\System32\sechost.dll
0x00007ff9fc010000 - 0x00007ff9fc135000 	C:\Windows\System32\RPCRT4.dll
0x00007ff9faae0000 - 0x00007ff9fab2b000 	C:\Windows\SYSTEM32\POWRPROF.dll
0x00007ff9ec0e0000 - 0x00007ff9ec0e9000 	C:\Windows\SYSTEM32\WSOCK32.dll
0x00007ff9eb3d0000 - 0x00007ff9eb3f7000 	C:\Windows\SYSTEM32\WINMM.dll
0x00007ff9fce50000 - 0x00007ff9fcebb000 	C:\Windows\System32\WS2_32.dll
0x00007ff9f46b0000 - 0x00007ff9f46ba000 	C:\Windows\SYSTEM32\VERSION.dll
0x00007ff9fa950000 - 0x00007ff9fa962000 	C:\Windows\SYSTEM32\UMPDC.dll
0x00007ff9f9f10000 - 0x00007ff9f9f22000 	C:\Windows\SYSTEM32\kernel.appcore.dll
0x00007ff9f6ef0000 - 0x00007ff9f6efa000 	C:\Program Files\Android\Android Studio\jbr\bin\jimage.dll
0x00007ff9f4090000 - 0x00007ff9f4274000 	C:\Windows\SYSTEM32\DBGHELP.DLL
0x00007ff9e2610000 - 0x00007ff9e263c000 	C:\Windows\SYSTEM32\dbgcore.DLL
0x00007ff9fba30000 - 0x00007ff9fbab2000 	C:\Windows\System32\bcryptPrimitives.dll
0x00007ff9ec4f0000 - 0x00007ff9ec515000 	C:\Program Files\Android\Android Studio\jbr\bin\java.dll
0x00007ff9ec440000 - 0x00007ff9ec458000 	C:\Program Files\Android\Android Studio\jbr\bin\zip.dll
0x00007ff9fd6a0000 - 0x00007ff9fdde4000 	C:\Windows\System32\SHELL32.dll
0x00007ff9f9510000 - 0x00007ff9f9ca4000 	C:\Windows\SYSTEM32\windows.storage.dll
0x00007ff9fcfb0000 - 0x00007ff9fd304000 	C:\Windows\System32\combase.dll
0x00007ff9faed0000 - 0x00007ff9faefc000 	C:\Windows\SYSTEM32\Wldp.dll
0x00007ff9fbe90000 - 0x00007ff9fbf3d000 	C:\Windows\System32\SHCORE.dll
0x00007ff9fc250000 - 0x00007ff9fc2a5000 	C:\Windows\System32\shlwapi.dll
0x00007ff9fb490000 - 0x00007ff9fb4af000 	C:\Windows\SYSTEM32\profapi.dll
0x00007ff9e95a0000 - 0x00007ff9e95b9000 	C:\Program Files\Android\Android Studio\jbr\bin\net.dll
0x00007ff9f65c0000 - 0x00007ff9f66ca000 	C:\Windows\SYSTEM32\WINHTTP.dll
0x00007ff9facb0000 - 0x00007ff9fad1a000 	C:\Windows\system32\mswsock.dll
0x00007ff9e9580000 - 0x00007ff9e9596000 	C:\Program Files\Android\Android Studio\jbr\bin\nio.dll
0x00007ff9f2e30000 - 0x00007ff9f2e40000 	C:\Program Files\Android\Android Studio\jbr\bin\verify.dll

dbghelp: loaded successfully - version: 4.0.5 - missing functions: none
symbol engine: initialized successfully - sym options: 0x614 - pdb path: .;C:\Program Files\Android\Android Studio\jbr\bin;C:\Windows\SYSTEM32;C:\Windows\WinSxS\amd64_microsoft.windows.common-controls_6595b64144ccf1df_6.0.19041.1110_none_60b5254171f9507e;C:\Program Files\Android\Android Studio\jbr\bin\server

VM Arguments:
java_command: org.jetbrains.kotlin.cli.jvm.K2JVMCompiler @D:\Sem\FocusTime\app\build\20241130_3111259039157701056.compiler.options
java_class_path (initial): C:\Users\Luiza\.gradle\caches\modules-2\files-2.1\org.jetbrains.kotlin\kotlin-compiler-embeddable\2.0.0\1de310de3446414381282ffc46c3ed3919a4d1da\kotlin-compiler-embeddable-2.0.0.jar;C:\Users\Luiza\.gradle\caches\modules-2\files-2.1\org.jetbrains.kotlin\kotlin-stdlib\2.0.0\b48df2c4aede9586cc931ead433bc02d6fd7879e\kotlin-stdlib-2.0.0.jar;C:\Users\Luiza\.gradle\caches\modules-2\files-2.1\org.jetbrains.kotlin\kotlin-script-runtime\2.0.0\fdc27dd047d592fa41d2dfa21e7621287a361612\kotlin-script-runtime-2.0.0.jar;C:\Users\Luiza\.gradle\caches\modules-2\files-2.1\org.jetbrains.kotlin\kotlin-reflect\1.6.10\1cbe9c92c12a94eea200d23c2bbaedaf3daf5132\kotlin-reflect-1.6.10.jar;C:\Users\Luiza\.gradle\caches\modules-2\files-2.1\org.jetbrains.kotlin\kotlin-daemon-embeddable\2.0.0\b39c612768614c4428c96ee9c65477181fffe9d\kotlin-daemon-embeddable-2.0.0.jar;C:\Users\Luiza\.gradle\caches\modules-2\files-2.1\org.jetbrains.intellij.deps\trove4j\1.0.20200330\3afb14d5f9ceb459d724e907a21145e8ff394f02\trove4j-1.0.20200330.jar;C:\Users\Luiza\.gradle\caches\modules-2\files-2.1\org.jetbrains\annotations\13.0\919f0dfe192fb4e063e7dacadee7f8bb9a2672a9\annotations-13.0.jar
Launcher Type: SUN_STANDARD

[Global flags]
     intx CICompilerCount                          = 4                                         {product} {ergonomic}
     uint ConcGCThreads                            = 3                                         {product} {ergonomic}
     uint G1ConcRefinementThreads                  = 10                                        {product} {ergonomic}
   size_t G1HeapRegionSize                         = 2097152                                   {product} {ergonomic}
    uintx GCDrainStackTargetSize                   = 64                                        {product} {ergonomic}
   size_t InitialHeapSize                          = 260046848                                 {product} {ergonomic}
   size_t MarkStackSize                            = 4194304                                   {product} {ergonomic}
   size_t MaxHeapSize                              = 4135583744                                {product} {ergonomic}
   size_t MaxNewSize                               = 2480930816                                {product} {ergonomic}
   size_t MinHeapDeltaBytes                        = 2097152                                   {product} {ergonomic}
   size_t MinHeapSize                              = 8388608                                   {product} {ergonomic}
    uintx NonNMethodCodeHeapSize                   = 5839372                                {pd product} {ergonomic}
    uintx NonProfiledCodeHeapSize                  = 122909434                              {pd product} {ergonomic}
    uintx ProfiledCodeHeapSize                     = 122909434                              {pd product} {ergonomic}
    uintx ReservedCodeCacheSize                    = 251658240                              {pd product} {ergonomic}
     bool SegmentedCodeCache                       = true                                      {product} {ergonomic}
   size_t SoftMaxHeapSize                          = 4135583744                             {manageable} {ergonomic}
     bool UseCompressedClassPointers               = true                           {product lp64_product} {ergonomic}
     bool UseCompressedOops                        = true                           {product lp64_product} {ergonomic}
     bool UseG1GC                                  = true                                      {product} {ergonomic}
     bool UseLargePagesIndividualAllocation        = false                                  {pd product} {ergonomic}

Logging:
Log output configuration:
 #0: stdout all=warning uptime,level,tags
 #1: stderr all=off uptime,level,tags

Environment Variables:
JAVA_HOME=C:\Program Files\jdk-17.0.10+7
PATH=C:\Program Files (x86)\Common Files\Oracle\Java\javapath;C:\Windows\system32;C:\Windows;C:\Windows\System32\Wbem;C:\Windows\System32\WindowsPowerShell\v1.0\;C:\Program Files (x86)\Windows Kits\10\Windows Performance Toolkit\;C:\Program Files\Git\cmd;C:\Program Files\dotnet\;C:\Program Files\nodejs\;C:\Program Files\jdk-17.0.10+7\bin;C:\Windows\System32\OpenSSH\;C:\Program Files\apache-maven-3.8.8\bin;%CATALINA_HOME %\bin;;C:\Program Files\Docker\Docker\resources\bin;C:\Program Files (x86)\CODESYS\APInstaller\;C:\Users\\AppData\Local\Programs\Python\Python312\Scripts\;C:\Users\\AppData\Local\Programs\Python\Python312\;C:\Users\Luiza\AppData\Local\Microsoft\WindowsApps;C:\Users\Luiza\.dotnet\tools;C:\Users\\AppData\Roaming\npm;C:\Users\\AppData\Local\Programs\Microsoft VS Code\bin;;C:\Program Files\JetBrains\PyCharm 2024.1.4\bin;
USERNAME=Luiza
OS=Windows_NT
PROCESSOR_IDENTIFIER=AMD64 Family 25 Model 80 Stepping 0, AuthenticAMD
TMP=C:\Users\Luiza\AppData\Local\Temp
TEMP=C:\Users\Luiza\AppData\Local\Temp



Periodic native trim disabled

JNI global refs:
JNI global refs: 11, weak refs: 4

JNI global refs memory usage: 843, weak refs: 841

Process memory usage:
Resident Set Size: 491492K (3% of 16151940K total physical memory with 1337468K free physical memory)

OOME stack traces (most recent first):
Classloader memory used:
Loader jdk.internal.loader.ClassLoaders$AppClassLoader                                 : 9205K
Loader bootstrap                                                                       : 1380K
Loader java.net.URLClassLoader                                                         : 12902B
Loader jdk.internal.reflect.DelegatingClassLoader                                      : 1699B


---------------  S Y S T E M  ---------------

OS:
 Windows 10 , 64 bit Build 19041 (10.0.19041.1739)
OS uptime: 0 days 19:35 hours
Hyper-V role detected

CPU: total 12 (initial active 12) (12 cores per cpu, 2 threads per core) family 25 model 80 stepping 0 microcode 0x0, cx8, cmov, fxsr, ht, mmx, 3dnowpref, sse, sse2, sse3, ssse3, sse4a, sse4.1, sse4.2, popcnt, lzcnt, tsc, tscinvbit, avx, avx2, aes, erms, clmul, bmi1, bmi2, adx, sha, fma, vzeroupper, clflush, clflushopt, hv
Processor Information for all 12 processors :
  Max Mhz: 3301, Current Mhz: 3301, Mhz Limit: 3301

Memory: 4k page, system-wide physical 15773M (1306M free)
TotalPageFile size 15773M (AvailPageFile size 10M)
current process WorkingSet (physical memory assigned to process): 477M, peak: 480M
current process commit charge ("private bytes"): 521M, peak: 525M

vm_info: OpenJDK 64-Bit Server VM (17.0.11+0--11852314) for windows-amd64 JRE (17.0.11+0--11852314), built on May 16 2024 21:29:20 by "androidbuild" with MS VC++ 16.10 / 16.11 (VS2019)

END.
