#
# There is insufficient memory for the Java Runtime Environment to continue.
# Native memory allocation (mmap) failed to map 260046848 bytes. Error detail: G1 virtual space
# Possible reasons:
#   The system is out of physical RAM or swap space
#   This process is running with CompressedOops enabled, and the Java Heap may be blocking the growth of the native heap
# Possible solutions:
#   Reduce memory load on the system
#   Increase physical memory or swap space
#   Check if swap backing store is full
#   Decrease Java heap size (-Xmx/-Xms)
#   Decrease number of Java threads
#   Decrease Java thread stack sizes (-Xss)
#   Set larger code cache with -XX:ReservedCodeCacheSize=
#   JVM is running with Zero Based Compressed Oops mode in which the Java heap is
#     placed in the first 32GB address space. The Java Heap base address is the
#     maximum limit for the native heap growth. Please use -XX:HeapBaseMinAddress
#     to set the Java Heap base and to place the Java Heap above 32GB virtual address.
# This output file may be truncated or incomplete.
#
#  Out of Memory Error (os_windows.cpp:3825), pid=2800, tid=1200
#
# JRE version:  (17.0.11) (build )
# Java VM: OpenJDK 64-Bit Server VM (17.0.11+0--11852314, mixed mode, sharing, tiered, compressed oops, compressed class ptrs, g1 gc, windows-amd64)
# No core dump will be written. Minidumps are not enabled by default on client versions of Windows
#

---------------  S U M M A R Y ------------

Command Line: org.jetbrains.kotlin.cli.jvm.K2JVMCompiler @D:\Sem\FocusTime\app\build\20241130_4669485862956288060.compiler.options

Host: AMD Ryzen 5 5600H with Radeon Graphics         , 12 cores, 15G,  Windows 10 , 64 bit Build 19041 (10.0.19041.1739)
Time: Sat Nov 30 17:34:15 2024 RTZ 4 (s 10 , 64 bit Build 19041 (10.0.19041.1739) elapsed time: 0.004880 seconds (0d 0h 0m 0s)

---------------  T H R E A D  ---------------

Current thread (0x00000263c1899000):  JavaThread "Unknown thread" [_thread_in_vm, id=1200, stack(0x000000dea3400000,0x000000dea3500000)]

Stack: [0x000000dea3400000,0x000000dea3500000]
Native frames: (J=compiled Java code, j=interpreted, Vv=VM code, C=native code)
V  [jvm.dll+0x687bb9]
V  [jvm.dll+0x84142a]
V  [jvm.dll+0x8430ae]
V  [jvm.dll+0x843713]
V  [jvm.dll+0x24a35f]
V  [jvm.dll+0x684989]
V  [jvm.dll+0x67923a]
V  [jvm.dll+0x30af0b]
V  [jvm.dll+0x3123b6]
V  [jvm.dll+0x361dfe]
V  [jvm.dll+0x36202f]
V  [jvm.dll+0x2e0d38]
V  [jvm.dll+0x2e1ca4]
V  [jvm.dll+0x811f21]
V  [jvm.dll+0x36fb68]
V  [jvm.dll+0x7f0896]
V  [jvm.dll+0x3f3d2f]
V  [jvm.dll+0x3f58e1]
C  [jli.dll+0x528f]
C  [ucrtbase.dll+0x21bb2]
C  [KERNEL32.DLL+0x17034]
C  [ntdll.dll+0x52651]


---------------  P R O C E S S  ---------------

Threads class SMR info:
_java_thread_list=0x00007ff991afefd8, length=0, elements={
}

Java Threads: ( => current thread )

Other Threads:
  0x00000263c1905250 GCTaskThread "GC Thread#0" [stack: 0x000000dea3500000,0x000000dea3600000] [id=4392]
  0x00000263c1915c30 ConcurrentGCThread "G1 Main Marker" [stack: 0x000000dea3600000,0x000000dea3700000] [id=4532]
  0x00000263c1916650 ConcurrentGCThread "G1 Conc#0" [stack: 0x000000dea3700000,0x000000dea3800000] [id=13096]

[error occurred during error reporting (printing all threads), id 0xc0000005, EXCEPTION_ACCESS_VIOLATION (0xc0000005) at pc=0x00007ff9912b1907]

VM state: not at safepoint (not fully initialized)

VM Mutex/Monitor currently owned by a thread:  ([mutex/lock_event])
[0x00000263c1894330] Heap_lock - owner thread: 0x00000263c1899000

Heap address: 0x0000000709800000, size: 3944 MB, Compressed Oops mode: Zero based, Oop shift amount: 3

CDS archive(s) mapped at: [0x0000000000000000-0x0000000000000000-0x0000000000000000), size 0, SharedBaseAddress: 0x0000000800000000, ArchiveRelocationMode: 1.
Narrow klass base: 0x0000000000000000, Narrow klass shift: 0, Narrow klass range: 0x0

GC Precious Log:
<Empty>

Heap:
 garbage-first heap   total 0K, used 0K [0x0000000709800000, 0x0000000800000000)
  region size 2048K, 0 young (0K), 0 survivors (0K)
 Metaspace       used 0K, committed 0K, reserved 0K
  class space    used 0K, committed 0K, reserved 0K

Heap Regions: E=young(eden), S=young(survivor), O=old, HS=humongous(starts), HC=humongous(continues), CS=collection set, F=free, OA=open archive, CA=closed archive, TAMS=top-at-mark-start (previous, next)

Card table byte_map: [0x00000263d4a80000,0x00000263d5240000] _byte_map_base: 0x00000263d1234000

Marking Bits (Prev, Next): (CMBitMap*) 0x00000263c1905870, (CMBitMap*) 0x00000263c19058b0
 Prev Bits: [0x00000263d5a00000, 0x00000263d97a0000)
 Next Bits: [0x00000263d97a0000, 0x00000263dd540000)

GC Heap History (0 events):
No events

Dll operation events (1 events):
Event: 0.003 Loaded shared library C:\Program Files\Android\Android Studio\jbr\bin\java.dll

Deoptimization events (0 events):
No events

Classes unloaded (0 events):
No events

Classes redefined (0 events):
No events

Internal exceptions (0 events):
No events

VM Operations (0 events):
No events

Events (0 events):
No events


Dynamic libraries:
0x00007ff63b1a0000 - 0x00007ff63b1aa000 	C:\Program Files\Android\Android Studio\jbr\bin\java.exe
0x00007ff9fde30000 - 0x00007ff9fe027000 	C:\Windows\SYSTEM32\ntdll.dll
0x00007ff9fca20000 - 0x00007ff9fcadd000 	C:\Windows\System32\KERNEL32.DLL
0x00007ff9fb760000 - 0x00007ff9fba2d000 	C:\Windows\System32\KERNELBASE.dll
0x00007ff9fbac0000 - 0x00007ff9fbbc0000 	C:\Windows\System32\ucrtbase.dll
0x00007ff9f64d0000 - 0x00007ff9f64e7000 	C:\Program Files\Android\Android Studio\jbr\bin\jli.dll
0x00007ff9f2e40000 - 0x00007ff9f2e5b000 	C:\Program Files\Android\Android Studio\jbr\bin\VCRUNTIME140.dll
0x00007ff9fd3c0000 - 0x00007ff9fd560000 	C:\Windows\System32\USER32.dll
0x00007ff9ec170000 - 0x00007ff9ec40a000 	C:\Windows\WinSxS\amd64_microsoft.windows.common-controls_6595b64144ccf1df_6.0.19041.1110_none_60b5254171f9507e\COMCTL32.dll
0x00007ff9fbe60000 - 0x00007ff9fbe82000 	C:\Windows\System32\win32u.dll
0x00007ff9fd5e0000 - 0x00007ff9fd60a000 	C:\Windows\System32\GDI32.dll
0x00007ff9fd320000 - 0x00007ff9fd3be000 	C:\Windows\System32\msvcrt.dll
0x00007ff9fb600000 - 0x00007ff9fb70b000 	C:\Windows\System32\gdi32full.dll
0x00007ff9fbd90000 - 0x00007ff9fbe2d000 	C:\Windows\System32\msvcp_win.dll
0x00007ff9fd670000 - 0x00007ff9fd6a0000 	C:\Windows\System32\IMM32.DLL
0x00007ff9f0a80000 - 0x00007ff9f0a8c000 	C:\Program Files\Android\Android Studio\jbr\bin\vcruntime140_1.dll
0x00007ff9e4980000 - 0x00007ff9e4a0d000 	C:\Program Files\Android\Android Studio\jbr\bin\msvcp140.dll
0x00007ff990fc0000 - 0x00007ff991c43000 	C:\Program Files\Android\Android Studio\jbr\bin\server\jvm.dll
0x00007ff9fc1a0000 - 0x00007ff9fc24e000 	C:\Windows\System32\ADVAPI32.dll
0x00007ff9fcc90000 - 0x00007ff9fcd2c000 	C:\Windows\System32\sechost.dll
0x00007ff9fc010000 - 0x00007ff9fc135000 	C:\Windows\System32\RPCRT4.dll
0x00007ff9faae0000 - 0x00007ff9fab2b000 	C:\Windows\SYSTEM32\POWRPROF.dll
0x00007ff9eb3d0000 - 0x00007ff9eb3f7000 	C:\Windows\SYSTEM32\WINMM.dll
0x00007ff9ec0e0000 - 0x00007ff9ec0e9000 	C:\Windows\SYSTEM32\WSOCK32.dll
0x00007ff9f46b0000 - 0x00007ff9f46ba000 	C:\Windows\SYSTEM32\VERSION.dll
0x00007ff9fce50000 - 0x00007ff9fcebb000 	C:\Windows\System32\WS2_32.dll
0x00007ff9fa950000 - 0x00007ff9fa962000 	C:\Windows\SYSTEM32\UMPDC.dll
0x00007ff9f9f10000 - 0x00007ff9f9f22000 	C:\Windows\SYSTEM32\kernel.appcore.dll
0x00007ff9f6ef0000 - 0x00007ff9f6efa000 	C:\Program Files\Android\Android Studio\jbr\bin\jimage.dll
0x00007ff9f4090000 - 0x00007ff9f4274000 	C:\Windows\SYSTEM32\DBGHELP.DLL
0x00007ff9e2610000 - 0x00007ff9e263c000 	C:\Windows\SYSTEM32\dbgcore.DLL
0x00007ff9fba30000 - 0x00007ff9fbab2000 	C:\Windows\System32\bcryptPrimitives.dll
0x00007ff9ec4f0000 - 0x00007ff9ec515000 	C:\Program Files\Android\Android Studio\jbr\bin\java.dll

dbghelp: loaded successfully - version: 4.0.5 - missing functions: none
symbol engine: initialized successfully - sym options: 0x614 - pdb path: .;C:\Program Files\Android\Android Studio\jbr\bin;C:\Windows\SYSTEM32;C:\Windows\WinSxS\amd64_microsoft.windows.common-controls_6595b64144ccf1df_6.0.19041.1110_none_60b5254171f9507e;C:\Program Files\Android\Android Studio\jbr\bin\server

VM Arguments:
java_command: org.jetbrains.kotlin.cli.jvm.K2JVMCompiler @D:\Sem\FocusTime\app\build\20241130_4669485862956288060.compiler.options
java_class_path (initial): C:\Users\Luiza\.gradle\caches\modules-2\files-2.1\org.jetbrains.kotlin\kotlin-compiler-embeddable\2.0.0\1de310de3446414381282ffc46c3ed3919a4d1da\kotlin-compiler-embeddable-2.0.0.jar;C:\Users\Luiza\.gradle\caches\modules-2\files-2.1\org.jetbrains.kotlin\kotlin-stdlib\2.0.0\b48df2c4aede9586cc931ead433bc02d6fd7879e\kotlin-stdlib-2.0.0.jar;C:\Users\Luiza\.gradle\caches\modules-2\files-2.1\org.jetbrains.kotlin\kotlin-script-runtime\2.0.0\fdc27dd047d592fa41d2dfa21e7621287a361612\kotlin-script-runtime-2.0.0.jar;C:\Users\Luiza\.gradle\caches\modules-2\files-2.1\org.jetbrains.kotlin\kotlin-reflect\1.6.10\1cbe9c92c12a94eea200d23c2bbaedaf3daf5132\kotlin-reflect-1.6.10.jar;C:\Users\Luiza\.gradle\caches\modules-2\files-2.1\org.jetbrains.kotlin\kotlin-daemon-embeddable\2.0.0\b39c612768614c4428c96ee9c65477181fffe9d\kotlin-daemon-embeddable-2.0.0.jar;C:\Users\Luiza\.gradle\caches\modules-2\files-2.1\org.jetbrains.intellij.deps\trove4j\1.0.20200330\3afb14d5f9ceb459d724e907a21145e8ff394f02\trove4j-1.0.20200330.jar;C:\Users\Luiza\.gradle\caches\modules-2\files-2.1\org.jetbrains\annotations\13.0\919f0dfe192fb4e063e7dacadee7f8bb9a2672a9\annotations-13.0.jar
Launcher Type: SUN_STANDARD

[Global flags]
     intx CICompilerCount                          = 4                                         {product} {ergonomic}
     uint ConcGCThreads                            = 3                                         {product} {ergonomic}
     uint G1ConcRefinementThreads                  = 10                                        {product} {ergonomic}
   size_t G1HeapRegionSize                         = 2097152                                   {product} {ergonomic}
    uintx GCDrainStackTargetSize                   = 64                                        {product} {ergonomic}
   size_t InitialHeapSize                          = 260046848                                 {product} {ergonomic}
   size_t MarkStackSize                            = 4194304                                   {product} {ergonomic}
   size_t MaxHeapSize                              = 4135583744                                {product} {ergonomic}
   size_t MinHeapDeltaBytes                        = 2097152                                   {product} {ergonomic}
   size_t MinHeapSize                              = 8388608                                   {product} {ergonomic}
    uintx NonNMethodCodeHeapSize                   = 5839372                                {pd product} {ergonomic}
    uintx NonProfiledCodeHeapSize                  = 122909434                              {pd product} {ergonomic}
    uintx ProfiledCodeHeapSize                     = 122909434                              {pd product} {ergonomic}
    uintx ReservedCodeCacheSize                    = 251658240                              {pd product} {ergonomic}
     bool SegmentedCodeCache                       = true                                      {product} {ergonomic}
   size_t SoftMaxHeapSize                          = 4135583744                             {manageable} {ergonomic}
     bool UseCompressedClassPointers               = true                           {product lp64_product} {ergonomic}
     bool UseCompressedOops                        = true                           {product lp64_product} {ergonomic}
     bool UseG1GC                                  = true                                      {product} {ergonomic}
     bool UseLargePagesIndividualAllocation        = false                                  {pd product} {ergonomic}

Logging:
Log output configuration:
 #0: stdout all=warning uptime,level,tags
 #1: stderr all=off uptime,level,tags

Environment Variables:
JAVA_HOME=C:\Program Files\jdk-17.0.10+7
PATH=C:\Program Files (x86)\Common Files\Oracle\Java\javapath;C:\Windows\system32;C:\Windows;C:\Windows\System32\Wbem;C:\Windows\System32\WindowsPowerShell\v1.0\;C:\Program Files (x86)\Windows Kits\10\Windows Performance Toolkit\;C:\Program Files\Git\cmd;C:\Program Files\dotnet\;C:\Program Files\nodejs\;C:\Program Files\jdk-17.0.10+7\bin;C:\Windows\System32\OpenSSH\;C:\Program Files\apache-maven-3.8.8\bin;%CATALINA_HOME %\bin;;C:\Program Files\Docker\Docker\resources\bin;C:\Program Files (x86)\CODESYS\APInstaller\;C:\Users\Ëóèçà\AppData\Local\Programs\Python\Python312\Scripts\;C:\Users\Ëóèçà\AppData\Local\Programs\Python\Python312\;C:\Users\Luiza\AppData\Local\Microsoft\WindowsApps;C:\Users\Luiza\.dotnet\tools;C:\Users\Ëóèçà\AppData\Roaming\npm;C:\Users\Ëóèçà\AppData\Local\Programs\Microsoft VS Code\bin;;C:\Program Files\JetBrains\PyCharm 2024.1.4\bin;
USERNAME=Luiza
OS=Windows_NT
PROCESSOR_IDENTIFIER=AMD64 Family 25 Model 80 Stepping 0, AuthenticAMD
TMP=C:\Users\Luiza\AppData\Local\Temp
TEMP=C:\Users\Luiza\AppData\Local\Temp



Periodic native trim disabled

JNI global refs:
JNI global refs: 0, weak refs: 0

JNI global refs memory usage: 0, weak refs: 0

Process memory usage:
Resident Set Size: 10824K (0% of 16151940K total physical memory with 1443224K free physical memory)

OOME stack traces (most recent first):
Classloader memory used:


---------------  S Y S T E M  ---------------

OS:
 Windows 10 , 64 bit Build 19041 (10.0.19041.1739)
OS uptime: 0 days 19:39 hours
Hyper-V role detected

CPU: total 12 (initial active 12) (12 cores per cpu, 2 threads per core) family 25 model 80 stepping 0 microcode 0x0, cx8, cmov, fxsr, ht, mmx, 3dnowpref, sse, sse2, sse3, ssse3, sse4a, sse4.1, sse4.2, popcnt, lzcnt, tsc, tscinvbit, avx, avx2, aes, erms, clmul, bmi1, bmi2, adx, sha, fma, vzeroupper, clflush, clflushopt, hv
Processor Information for all 12 processors :
  Max Mhz: 3301, Current Mhz: 3301, Mhz Limit: 3301

Memory: 4k page, system-wide physical 15773M (1409M free)
TotalPageFile size 15773M (AvailPageFile size 185M)
current process WorkingSet (physical memory assigned to process): 10M, peak: 10M
current process commit charge ("private bytes"): 64M, peak: 312M

vm_info: OpenJDK 64-Bit Server VM (17.0.11+0--11852314) for windows-amd64 JRE (17.0.11+0--11852314), built on May 16 2024 21:29:20 by "androidbuild" with MS VC++ 16.10 / 16.11 (VS2019)

END.
