#
# There is insufficient memory for the Java Runtime Environment to continue.
# Native memory allocation (malloc) failed to allocate 1222864 bytes. Error detail: Chunk::new
# Possible reasons:
#   The system is out of physical RAM or swap space
#   This process is running with CompressedOops enabled, and the Java Heap may be blocking the growth of the native heap
# Possible solutions:
#   Reduce memory load on the system
#   Increase physical memory or swap space
#   Check if swap backing store is full
#   Decrease Java heap size (-Xmx/-Xms)
#   Decrease number of Java threads
#   Decrease Java thread stack sizes (-Xss)
#   Set larger code cache with -XX:ReservedCodeCacheSize=
#   JVM is running with Zero Based Compressed Oops mode in which the Java heap is
#     placed in the first 32GB address space. The Java Heap base address is the
#     maximum limit for the native heap growth. Please use -XX:HeapBaseMinAddress
#     to set the Java Heap base and to place the Java Heap above 32GB virtual address.
# This output file may be truncated or incomplete.
#
#  Out of Memory Error (arena.cpp:191), pid=14120, tid=14204
#
# JRE version: OpenJDK Runtime Environment (17.0.11) (build 17.0.11+0--11852314)
# Java VM: OpenJDK 64-Bit Server VM (17.0.11+0--11852314, mixed mode, tiered, compressed oops, compressed class ptrs, g1 gc, windows-amd64)
# No core dump will be written. Minidumps are not enabled by default on client versions of Windows
#

---------------  S U M M A R Y ------------

Command Line: org.jetbrains.kotlin.cli.jvm.K2JVMCompiler @D:\Sem\FocusTime\app\build\20241130_16518626124202478332.compiler.options

Host: AMD Ryzen 5 5600H with Radeon Graphics         , 12 cores, 15G,  Windows 10 , 64 bit Build 19041 (10.0.19041.1739)
Time: Sat Nov 30 17:29:00 2024 RTZ 4 (s 10 , 64 bit Build 19041 (10.0.19041.1739) elapsed time: 3.412681 seconds (0d 0h 0m 3s)

---------------  T H R E A D  ---------------

Current thread (0x000001fc1a602760):  JavaThread "C2 CompilerThread2" daemon [_thread_in_native, id=14204, stack(0x0000007d15900000,0x0000007d15a00000)]


Current CompileTask:
C2:   3412 4802       4       java.lang.invoke.MethodType::makeImpl (109 bytes)

Stack: [0x0000007d15900000,0x0000007d15a00000]
Native frames: (J=compiled Java code, j=interpreted, Vv=VM code, C=native code)
V  [jvm.dll+0x687bb9]
V  [jvm.dll+0x84142a]
V  [jvm.dll+0x8430ae]
V  [jvm.dll+0x843713]
V  [jvm.dll+0x24a35f]
V  [jvm.dll+0xac544]
V  [jvm.dll+0xacb8c]
V  [jvm.dll+0x369c37]
V  [jvm.dll+0x1be312]
V  [jvm.dll+0x21c029]
V  [jvm.dll+0x21b311]
V  [jvm.dll+0x1a63ed]
V  [jvm.dll+0x22b1ee]
V  [jvm.dll+0x229375]
V  [jvm.dll+0x7f5647]
V  [jvm.dll+0x7efa4a]
V  [jvm.dll+0x686a35]
C  [ucrtbase.dll+0x21bb2]
C  [KERNEL32.DLL+0x17034]
C  [ntdll.dll+0x52651]


---------------  P R O C E S S  ---------------

Threads class SMR info:
_java_thread_list=0x000001fc1ac63530, length=14, elements={
0x000001fc736485b0, 0x000001fc1906c260, 0x000001fc1906cdf0, 0x000001fc190813d0,
0x000001fc19082cb0, 0x000001fc19083580, 0x000001fc19083e50, 0x000001fc19084a50,
0x000001fc19085360, 0x000001fc19085c70, 0x000001fc192161d0, 0x000001fc19218c80,
0x000001fc1a1184f0, 0x000001fc1a602760
}

Java Threads: ( => current thread )
  0x000001fc736485b0 JavaThread "main" [_thread_in_Java, id=8840, stack(0x0000007d14000000,0x0000007d14100000)]
  0x000001fc1906c260 JavaThread "Reference Handler" daemon [_thread_blocked, id=6852, stack(0x0000007d14700000,0x0000007d14800000)]
  0x000001fc1906cdf0 JavaThread "Finalizer" daemon [_thread_blocked, id=8248, stack(0x0000007d14800000,0x0000007d14900000)]
  0x000001fc190813d0 JavaThread "Signal Dispatcher" daemon [_thread_blocked, id=13660, stack(0x0000007d14900000,0x0000007d14a00000)]
  0x000001fc19082cb0 JavaThread "Attach Listener" daemon [_thread_blocked, id=8160, stack(0x0000007d14a00000,0x0000007d14b00000)]
  0x000001fc19083580 JavaThread "Service Thread" daemon [_thread_blocked, id=12944, stack(0x0000007d14b00000,0x0000007d14c00000)]
  0x000001fc19083e50 JavaThread "Monitor Deflation Thread" daemon [_thread_blocked, id=14264, stack(0x0000007d14c00000,0x0000007d14d00000)]
  0x000001fc19084a50 JavaThread "C2 CompilerThread0" daemon [_thread_in_native, id=2052, stack(0x0000007d14d00000,0x0000007d14e00000)]
  0x000001fc19085360 JavaThread "C1 CompilerThread0" daemon [_thread_in_native, id=5928, stack(0x0000007d14e00000,0x0000007d14f00000)]
  0x000001fc19085c70 JavaThread "Sweeper thread" daemon [_thread_blocked, id=4692, stack(0x0000007d14f00000,0x0000007d15000000)]
  0x000001fc192161d0 JavaThread "Notification Thread" daemon [_thread_blocked, id=4088, stack(0x0000007d15000000,0x0000007d15100000)]
  0x000001fc19218c80 JavaThread "Common-Cleaner" daemon [_thread_blocked, id=12644, stack(0x0000007d15200000,0x0000007d15300000)]
  0x000001fc1a1184f0 JavaThread "C2 CompilerThread1" daemon [_thread_in_native, id=8748, stack(0x0000007d15300000,0x0000007d15400000)]
=>0x000001fc1a602760 JavaThread "C2 CompilerThread2" daemon [_thread_in_native, id=14204, stack(0x0000007d15900000,0x0000007d15a00000)]

Other Threads:
  0x000001fc1904aa10 VMThread "VM Thread" [stack: 0x0000007d14600000,0x0000007d14700000] [id=1736]
  0x000001fc7f1437f0 WatcherThread [stack: 0x0000007d15100000,0x0000007d15200000] [id=8088]
  0x000001fc736b2bc0 GCTaskThread "GC Thread#0" [stack: 0x0000007d14100000,0x0000007d14200000] [id=14240]
  0x000001fc190990e0 GCTaskThread "GC Thread#1" [stack: 0x0000007d15400000,0x0000007d15500000] [id=13196]
  0x000001fc19099920 GCTaskThread "GC Thread#2" [stack: 0x0000007d15500000,0x0000007d15600000] [id=7888]
  0x000001fc19098320 GCTaskThread "GC Thread#3" [stack: 0x0000007d15600000,0x0000007d15700000] [id=2340]
  0x000001fc190993a0 GCTaskThread "GC Thread#4" [stack: 0x0000007d15700000,0x0000007d15800000] [id=8912]
  0x000001fc190985e0 GCTaskThread "GC Thread#5" [stack: 0x0000007d15800000,0x0000007d15900000] [id=7276]
  0x000001fc19098b60 GCTaskThread "GC Thread#6" [stack: 0x0000007d15a00000,0x0000007d15b00000] [id=13856]
  0x000001fc19d70320 GCTaskThread "GC Thread#7" [stack: 0x0000007d15b00000,0x0000007d15c00000] [id=3748]
  0x000001fc19d70060 GCTaskThread "GC Thread#8" [stack: 0x0000007d15c00000,0x0000007d15d00000] [id=5952]
  0x000001fc19d71660 GCTaskThread "GC Thread#9" [stack: 0x0000007d16200000,0x0000007d16300000] [id=6840]
  0x000001fc736c3190 ConcurrentGCThread "G1 Main Marker" [stack: 0x0000007d14200000,0x0000007d14300000] [id=12388]
  0x000001fc736c4bc0 ConcurrentGCThread "G1 Conc#0" [stack: 0x0000007d14300000,0x0000007d14400000] [id=6744]
  0x000001fc19d705e0 ConcurrentGCThread "G1 Conc#1" [stack: 0x0000007d16000000,0x0000007d16100000] [id=1540]
  0x000001fc19d708a0 ConcurrentGCThread "G1 Conc#2" [stack: 0x0000007d16100000,0x0000007d16200000] [id=2436]
  0x000001fc7370e3f0 ConcurrentGCThread "G1 Refine#0" [stack: 0x0000007d14400000,0x0000007d14500000] [id=696]
  0x000001fc19cfa870 ConcurrentGCThread "G1 Refine#1" [stack: 0x0000007d15d00000,0x0000007d15e00000] [id=9160]
  0x000001fc19a7ed00 ConcurrentGCThread "G1 Refine#2" [stack: 0x0000007d15e00000,0x0000007d15f00000] [id=8772]
  0x000001fc19e76740 ConcurrentGCThread "G1 Refine#3" [stack: 0x0000007d15f00000,0x0000007d16000000] [id=12168]
  0x000001fc7370ec30 ConcurrentGCThread "G1 Service" [stack: 0x0000007d14500000,0x0000007d14600000] [id=7748]

Threads with active compile tasks:
C2 CompilerThread0     3420 5017       4       org.jetbrains.kotlin.load.java.structure.impl.classFiles.BinaryClassSignatureParser::parseTypeString (120 bytes)
C1 CompilerThread0     3420 5220       3       java.util.PriorityQueue::siftUpComparable (52 bytes)
C2 CompilerThread1     3420 4816       4       org.jetbrains.kotlin.load.java.structure.impl.classFiles.BinaryClassSignatureParser::parseParameterizedClassRefSignature (257 bytes)
C2 CompilerThread2     3420 4802       4       java.lang.invoke.MethodType::makeImpl (109 bytes)

VM state: not at safepoint (normal execution)

VM Mutex/Monitor currently owned by a thread: None

Heap address: 0x0000000709800000, size: 3944 MB, Compressed Oops mode: Zero based, Oop shift amount: 3

CDS archive(s) not mapped
Compressed class space mapped at: 0x0000000800000000-0x0000000840000000, reserved size: 1073741824
Narrow klass base: 0x0000000800000000, Narrow klass shift: 0, Narrow klass range: 0x40000000

GC Precious Log:
 CPUs: 12 total, 12 available
 Memory: 15773M
 Large Page Support: Disabled
 NUMA Support: Disabled
 Compressed Oops: Enabled (Zero based)
 Heap Region Size: 2M
 Heap Min Capacity: 8M
 Heap Initial Capacity: 248M
 Heap Max Capacity: 3944M
 Pre-touch: Disabled
 Parallel Workers: 10
 Concurrent Workers: 3
 Concurrent Refinement Workers: 10
 Periodic GC: Disabled

Heap:
 garbage-first heap   total 167936K, used 97503K [0x0000000709800000, 0x0000000800000000)
  region size 2048K, 33 young (67584K), 2 survivors (4096K)
 Metaspace       used 55902K, committed 56192K, reserved 1114112K
  class space    used 6762K, committed 6912K, reserved 1048576K

Heap Regions: E=young(eden), S=young(survivor), O=old, HS=humongous(starts), HC=humongous(continues), CS=collection set, F=free, OA=open archive, CA=closed archive, TAMS=top-at-mark-start (previous, next)
|   0|0x0000000709800000, 0x0000000709a00000, 0x0000000709a00000|100%|HS|  |TAMS 0x0000000709a00000, 0x0000000709800000| Complete 
|   1|0x0000000709a00000, 0x0000000709c00000, 0x0000000709c00000|100%|HC|  |TAMS 0x0000000709c00000, 0x0000000709a00000| Complete 
|   2|0x0000000709c00000, 0x0000000709e00000, 0x0000000709e00000|100%| O|  |TAMS 0x0000000709e00000, 0x0000000709c00000| Untracked 
|   3|0x0000000709e00000, 0x000000070a000000, 0x000000070a000000|100%| O|  |TAMS 0x000000070a000000, 0x0000000709e00000| Untracked 
|   4|0x000000070a000000, 0x000000070a200000, 0x000000070a200000|100%| O|  |TAMS 0x000000070a000000, 0x000000070a000000| Untracked 
|   5|0x000000070a200000, 0x000000070a400000, 0x000000070a400000|100%| O|  |TAMS 0x000000070a400000, 0x000000070a200000| Untracked 
|   6|0x000000070a400000, 0x000000070a600000, 0x000000070a600000|100%| O|  |TAMS 0x000000070a600000, 0x000000070a400000| Untracked 
|   7|0x000000070a600000, 0x000000070a800000, 0x000000070a800000|100%| O|  |TAMS 0x000000070a800000, 0x000000070a600000| Untracked 
|   8|0x000000070a800000, 0x000000070aa00000, 0x000000070aa00000|100%| O|  |TAMS 0x000000070a800000, 0x000000070a800000| Untracked 
|   9|0x000000070aa00000, 0x000000070ac00000, 0x000000070ac00000|100%| O|  |TAMS 0x000000070aa00000, 0x000000070aa00000| Untracked 
|  10|0x000000070ac00000, 0x000000070ae00000, 0x000000070ae00000|100%| O|  |TAMS 0x000000070ac00000, 0x000000070ac00000| Untracked 
|  11|0x000000070ae00000, 0x000000070b000000, 0x000000070b000000|100%| O|  |TAMS 0x000000070ae00000, 0x000000070ae00000| Untracked 
|  12|0x000000070b000000, 0x000000070b137e00, 0x000000070b200000| 60%| O|  |TAMS 0x000000070b000000, 0x000000070b000000| Untracked 
|  13|0x000000070b200000, 0x000000070b200000, 0x000000070b400000|  0%| F|  |TAMS 0x000000070b200000, 0x000000070b200000| Untracked 
|  14|0x000000070b400000, 0x000000070b600000, 0x000000070b600000|100%| O|  |TAMS 0x000000070b400000, 0x000000070b400000| Untracked 
|  15|0x000000070b600000, 0x000000070b800000, 0x000000070b800000|100%| O|  |TAMS 0x000000070b600000, 0x000000070b600000| Untracked 
|  16|0x000000070b800000, 0x000000070ba00000, 0x000000070ba00000|100%| O|  |TAMS 0x000000070b800000, 0x000000070b800000| Untracked 
|  17|0x000000070ba00000, 0x000000070ba00000, 0x000000070bc00000|  0%| F|  |TAMS 0x000000070ba00000, 0x000000070ba00000| Untracked 
|  18|0x000000070bc00000, 0x000000070bc00000, 0x000000070be00000|  0%| F|  |TAMS 0x000000070bc00000, 0x000000070bc00000| Untracked 
|  19|0x000000070be00000, 0x000000070be00000, 0x000000070c000000|  0%| F|  |TAMS 0x000000070be00000, 0x000000070be00000| Untracked 
|  20|0x000000070c000000, 0x000000070c000000, 0x000000070c200000|  0%| F|  |TAMS 0x000000070c000000, 0x000000070c000000| Untracked 
|  21|0x000000070c200000, 0x000000070c200000, 0x000000070c400000|  0%| F|  |TAMS 0x000000070c200000, 0x000000070c200000| Untracked 
|  22|0x000000070c400000, 0x000000070c400000, 0x000000070c600000|  0%| F|  |TAMS 0x000000070c400000, 0x000000070c400000| Untracked 
|  23|0x000000070c600000, 0x000000070c600000, 0x000000070c800000|  0%| F|  |TAMS 0x000000070c600000, 0x000000070c600000| Untracked 
|  24|0x000000070c800000, 0x000000070ca00000, 0x000000070ca00000|100%| S|CS|TAMS 0x000000070c800000, 0x000000070c800000| Complete 
|  25|0x000000070ca00000, 0x000000070cc00000, 0x000000070cc00000|100%| S|CS|TAMS 0x000000070ca00000, 0x000000070ca00000| Complete 
|  26|0x000000070cc00000, 0x000000070cc00000, 0x000000070ce00000|  0%| F|  |TAMS 0x000000070cc00000, 0x000000070cc00000| Untracked 
|  27|0x000000070ce00000, 0x000000070ce00000, 0x000000070d000000|  0%| F|  |TAMS 0x000000070ce00000, 0x000000070ce00000| Untracked 
|  28|0x000000070d000000, 0x000000070d000000, 0x000000070d200000|  0%| F|  |TAMS 0x000000070d000000, 0x000000070d000000| Untracked 
|  29|0x000000070d200000, 0x000000070d200000, 0x000000070d400000|  0%| F|  |TAMS 0x000000070d200000, 0x000000070d200000| Untracked 
|  30|0x000000070d400000, 0x000000070d400000, 0x000000070d600000|  0%| F|  |TAMS 0x000000070d400000, 0x000000070d400000| Untracked 
|  31|0x000000070d600000, 0x000000070d600000, 0x000000070d800000|  0%| F|  |TAMS 0x000000070d600000, 0x000000070d600000| Untracked 
|  32|0x000000070d800000, 0x000000070d800000, 0x000000070da00000|  0%| F|  |TAMS 0x000000070d800000, 0x000000070d800000| Untracked 
|  33|0x000000070da00000, 0x000000070da00000, 0x000000070dc00000|  0%| F|  |TAMS 0x000000070da00000, 0x000000070da00000| Untracked 
|  34|0x000000070dc00000, 0x000000070dc00000, 0x000000070de00000|  0%| F|  |TAMS 0x000000070dc00000, 0x000000070dc00000| Untracked 
|  35|0x000000070de00000, 0x000000070de00000, 0x000000070e000000|  0%| F|  |TAMS 0x000000070de00000, 0x000000070de00000| Untracked 
|  36|0x000000070e000000, 0x000000070e000000, 0x000000070e200000|  0%| F|  |TAMS 0x000000070e000000, 0x000000070e000000| Untracked 
|  37|0x000000070e200000, 0x000000070e200000, 0x000000070e400000|  0%| F|  |TAMS 0x000000070e200000, 0x000000070e200000| Untracked 
|  38|0x000000070e400000, 0x000000070e400000, 0x000000070e600000|  0%| F|  |TAMS 0x000000070e400000, 0x000000070e400000| Untracked 
|  39|0x000000070e600000, 0x000000070e600000, 0x000000070e800000|  0%| F|  |TAMS 0x000000070e600000, 0x000000070e600000| Untracked 
|  40|0x000000070e800000, 0x000000070e800000, 0x000000070ea00000|  0%| F|  |TAMS 0x000000070e800000, 0x000000070e800000| Untracked 
|  41|0x000000070ea00000, 0x000000070ea00000, 0x000000070ec00000|  0%| F|  |TAMS 0x000000070ea00000, 0x000000070ea00000| Untracked 
|  42|0x000000070ec00000, 0x000000070ec00000, 0x000000070ee00000|  0%| F|  |TAMS 0x000000070ec00000, 0x000000070ec00000| Untracked 
|  43|0x000000070ee00000, 0x000000070ee00000, 0x000000070f000000|  0%| F|  |TAMS 0x000000070ee00000, 0x000000070ee00000| Untracked 
|  44|0x000000070f000000, 0x000000070f000000, 0x000000070f200000|  0%| F|  |TAMS 0x000000070f000000, 0x000000070f000000| Untracked 
|  45|0x000000070f200000, 0x000000070f200000, 0x000000070f400000|  0%| F|  |TAMS 0x000000070f200000, 0x000000070f200000| Untracked 
|  46|0x000000070f400000, 0x000000070f400000, 0x000000070f600000|  0%| F|  |TAMS 0x000000070f400000, 0x000000070f400000| Untracked 
|  47|0x000000070f600000, 0x000000070f600000, 0x000000070f800000|  0%| F|  |TAMS 0x000000070f600000, 0x000000070f600000| Untracked 
|  48|0x000000070f800000, 0x000000070f800000, 0x000000070fa00000|  0%| F|  |TAMS 0x000000070f800000, 0x000000070f800000| Untracked 
|  49|0x000000070fa00000, 0x000000070fa00000, 0x000000070fc00000|  0%| F|  |TAMS 0x000000070fa00000, 0x000000070fa00000| Untracked 
|  50|0x000000070fc00000, 0x000000070fc00000, 0x000000070fe00000|  0%| F|  |TAMS 0x000000070fc00000, 0x000000070fc00000| Untracked 
|  51|0x000000070fe00000, 0x0000000710000000, 0x0000000710000000|100%| E|  |TAMS 0x000000070fe00000, 0x000000070fe00000| Complete 
|  52|0x0000000710000000, 0x0000000710200000, 0x0000000710200000|100%| E|CS|TAMS 0x0000000710000000, 0x0000000710000000| Complete 
|  53|0x0000000710200000, 0x0000000710400000, 0x0000000710400000|100%| E|CS|TAMS 0x0000000710200000, 0x0000000710200000| Complete 
|  54|0x0000000710400000, 0x0000000710600000, 0x0000000710600000|100%| E|CS|TAMS 0x0000000710400000, 0x0000000710400000| Complete 
|  55|0x0000000710600000, 0x0000000710800000, 0x0000000710800000|100%| E|CS|TAMS 0x0000000710600000, 0x0000000710600000| Complete 
|  56|0x0000000710800000, 0x0000000710a00000, 0x0000000710a00000|100%| E|CS|TAMS 0x0000000710800000, 0x0000000710800000| Complete 
|  57|0x0000000710a00000, 0x0000000710c00000, 0x0000000710c00000|100%| E|CS|TAMS 0x0000000710a00000, 0x0000000710a00000| Complete 
|  58|0x0000000710c00000, 0x0000000710e00000, 0x0000000710e00000|100%| E|CS|TAMS 0x0000000710c00000, 0x0000000710c00000| Complete 
|  59|0x0000000710e00000, 0x0000000711000000, 0x0000000711000000|100%| E|CS|TAMS 0x0000000710e00000, 0x0000000710e00000| Complete 
|  60|0x0000000711000000, 0x0000000711200000, 0x0000000711200000|100%| E|CS|TAMS 0x0000000711000000, 0x0000000711000000| Complete 
|  61|0x0000000711200000, 0x0000000711400000, 0x0000000711400000|100%| E|CS|TAMS 0x0000000711200000, 0x0000000711200000| Complete 
|  62|0x0000000711400000, 0x0000000711600000, 0x0000000711600000|100%| E|CS|TAMS 0x0000000711400000, 0x0000000711400000| Complete 
|  63|0x0000000711600000, 0x0000000711800000, 0x0000000711800000|100%| E|CS|TAMS 0x0000000711600000, 0x0000000711600000| Complete 
|  64|0x0000000711800000, 0x0000000711a00000, 0x0000000711a00000|100%| E|CS|TAMS 0x0000000711800000, 0x0000000711800000| Complete 
|  65|0x0000000711a00000, 0x0000000711c00000, 0x0000000711c00000|100%| E|CS|TAMS 0x0000000711a00000, 0x0000000711a00000| Complete 
|  66|0x0000000711c00000, 0x0000000711e00000, 0x0000000711e00000|100%| E|CS|TAMS 0x0000000711c00000, 0x0000000711c00000| Complete 
|  67|0x0000000711e00000, 0x0000000712000000, 0x0000000712000000|100%| E|CS|TAMS 0x0000000711e00000, 0x0000000711e00000| Complete 
|  68|0x0000000712000000, 0x0000000712200000, 0x0000000712200000|100%| E|CS|TAMS 0x0000000712000000, 0x0000000712000000| Complete 
|  69|0x0000000712200000, 0x0000000712400000, 0x0000000712400000|100%| E|CS|TAMS 0x0000000712200000, 0x0000000712200000| Complete 
|  70|0x0000000712400000, 0x0000000712600000, 0x0000000712600000|100%| E|CS|TAMS 0x0000000712400000, 0x0000000712400000| Complete 
|  71|0x0000000712600000, 0x0000000712800000, 0x0000000712800000|100%| E|CS|TAMS 0x0000000712600000, 0x0000000712600000| Complete 
|  72|0x0000000712800000, 0x0000000712a00000, 0x0000000712a00000|100%| E|CS|TAMS 0x0000000712800000, 0x0000000712800000| Complete 
|  73|0x0000000712a00000, 0x0000000712c00000, 0x0000000712c00000|100%| E|CS|TAMS 0x0000000712a00000, 0x0000000712a00000| Complete 
|  74|0x0000000712c00000, 0x0000000712e00000, 0x0000000712e00000|100%| E|CS|TAMS 0x0000000712c00000, 0x0000000712c00000| Complete 
|  75|0x0000000712e00000, 0x0000000713000000, 0x0000000713000000|100%| E|CS|TAMS 0x0000000712e00000, 0x0000000712e00000| Complete 
|  76|0x0000000713000000, 0x0000000713200000, 0x0000000713200000|100%| E|CS|TAMS 0x0000000713000000, 0x0000000713000000| Complete 
|  77|0x0000000713200000, 0x0000000713400000, 0x0000000713400000|100%| E|CS|TAMS 0x0000000713200000, 0x0000000713200000| Complete 
|  78|0x0000000713400000, 0x0000000713600000, 0x0000000713600000|100%| E|CS|TAMS 0x0000000713400000, 0x0000000713400000| Complete 
|  79|0x0000000713600000, 0x0000000713800000, 0x0000000713800000|100%| E|CS|TAMS 0x0000000713600000, 0x0000000713600000| Complete 
|  80|0x0000000713800000, 0x0000000713a00000, 0x0000000713a00000|100%| E|CS|TAMS 0x0000000713800000, 0x0000000713800000| Complete 
| 123|0x0000000718e00000, 0x0000000719000000, 0x0000000719000000|100%| E|CS|TAMS 0x0000000718e00000, 0x0000000718e00000| Complete 

Card table byte_map: [0x000001fc79720000,0x000001fc79ee0000] _byte_map_base: 0x000001fc75ed4000

Marking Bits (Prev, Next): (CMBitMap*) 0x000001fc736b31e0, (CMBitMap*) 0x000001fc736b3220
 Prev Bits: [0x000001fc7a6a0000, 0x000001fc7e440000)
 Next Bits: [0x000001fc0f000000, 0x000001fc12da0000)

Polling page: 0x000001fc73470000

Metaspace:

Usage:
  Non-class:     47.99 MB used.
      Class:      6.60 MB used.
       Both:     54.60 MB used.

Virtual space:
  Non-class space:       64.00 MB reserved,      48.12 MB ( 75%) committed,  1 nodes.
      Class space:        1.00 GB reserved,       6.75 MB ( <1%) committed,  1 nodes.
             Both:        1.06 GB reserved,      54.88 MB (  5%) committed. 

Chunk freelists:
   Non-Class:  15.00 MB
       Class:  9.23 MB
        Both:  24.23 MB

MaxMetaspaceSize: unlimited
CompressedClassSpaceSize: 1.00 GB
Initial GC threshold: 21.00 MB
Current GC threshold: 58.88 MB
CDS: off
MetaspaceReclaimPolicy: balanced
 - commit_granule_bytes: 65536.
 - commit_granule_words: 8192.
 - virtual_space_node_default_size: 8388608.
 - enlarge_chunks_in_place: 1.
 - new_chunks_are_fully_committed: 0.
 - uncommit_free_chunks: 1.
 - use_allocation_guard: 0.
 - handle_deallocations: 1.


Internal statistics:

num_allocs_failed_limit: 6.
num_arena_births: 256.
num_arena_deaths: 0.
num_vsnodes_births: 2.
num_vsnodes_deaths: 0.
num_space_committed: 876.
num_space_uncommitted: 0.
num_chunks_returned_to_freelist: 6.
num_chunks_taken_from_freelist: 1948.
num_chunk_merges: 6.
num_chunk_splits: 1586.
num_chunks_enlarged: 1441.
num_inconsistent_stats: 0.

CodeHeap 'non-profiled nmethods': size=120000Kb used=2762Kb max_used=2762Kb free=117237Kb
 bounds [0x000001fc07ad0000, 0x000001fc07d90000, 0x000001fc0f000000]
CodeHeap 'profiled nmethods': size=120000Kb used=11148Kb max_used=11148Kb free=108851Kb
 bounds [0x000001fc00000000, 0x000001fc00af0000, 0x000001fc07530000]
CodeHeap 'non-nmethods': size=5760Kb used=1319Kb max_used=1378Kb free=4440Kb
 bounds [0x000001fc07530000, 0x000001fc077a0000, 0x000001fc07ad0000]
 total_blobs=5815 nmethods=5176 adapters=551
 compilation: enabled
              stopped_count=0, restarted_count=0
 full_count=0

Compilation events (20 events):
Event: 3.406 Thread 0x000001fc19085360 nmethod 5185 0x000001fc00ac4410 code [0x000001fc00ac4600, 0x000001fc00ac4bb8]
Event: 3.406 Thread 0x000001fc19085360 5192       3       org.jetbrains.kotlin.fir.resolve.ScopeUtilsKt::defaultType (197 bytes)
Event: 3.408 Thread 0x000001fc19085360 nmethod 5192 0x000001fc00ac4d90 code [0x000001fc00ac5260, 0x000001fc00ac7998]
Event: 3.408 Thread 0x000001fc19085360 5191       3       org.jetbrains.kotlin.metadata.jvm.deserialization.JvmNameResolverBase::isLocalClassName (14 bytes)
Event: 3.408 Thread 0x000001fc19085360 nmethod 5191 0x000001fc00ac8810 code [0x000001fc00ac89e0, 0x000001fc00ac8e28]
Event: 3.408 Thread 0x000001fc19085360 5186       3       org.jetbrains.kotlin.fir.declarations.impl.FirResolvedDeclarationStatusImpl$Companion::getDEFAULT_STATUS_FOR_STATUSLESS_DECLARATIONS (4 bytes)
Event: 3.408 Thread 0x000001fc19085360 nmethod 5186 0x000001fc00ac9010 code [0x000001fc00ac91a0, 0x000001fc00ac9318]
Event: 3.408 Thread 0x000001fc19085360 5193       3       org.jetbrains.kotlin.metadata.ProtoBuf$Property::hasReturnType (18 bytes)
Event: 3.408 Thread 0x000001fc19085360 nmethod 5193 0x000001fc00ac9410 code [0x000001fc00ac95a0, 0x000001fc00ac9718]
Event: 3.408 Thread 0x000001fc19085360 5187       3       org.jetbrains.kotlin.fir.declarations.impl.FirResolvedDeclarationStatusImpl::access$getDEFAULT_STATUS_FOR_STATUSLESS_DECLARATIONS$cp (4 bytes)
Event: 3.408 Thread 0x000001fc19085360 nmethod 5187 0x000001fc00ac9790 code [0x000001fc00ac9920, 0x000001fc00ac9a18]
Event: 3.408 Thread 0x000001fc19085360 5189       3       org.jetbrains.kotlin.metadata.deserialization.ProtoTypeTableUtilKt::hasReceiver (26 bytes)
Event: 3.409 Thread 0x000001fc19085360 nmethod 5189 0x000001fc00ac9a90 code [0x000001fc00ac9cc0, 0x000001fc00aca478]
Event: 3.409 Thread 0x000001fc19085360 5188       3       org.jetbrains.kotlin.fir.declarations.builder.FirSimpleFunctionBuilder::getName (17 bytes)
Event: 3.409 Thread 0x000001fc19085360 nmethod 5188 0x000001fc00aca710 code [0x000001fc00aca980, 0x000001fc00acb218]
Event: 3.409 Thread 0x000001fc19085360 5201       3       org.jetbrains.kotlin.fir.resolve.transformers.PublishedApiEffectiveVisibilityKt::setLazyPublishedVisibility (210 bytes)
Event: 3.410 Thread 0x000001fc19085360 nmethod 5201 0x000001fc00acb590 code [0x000001fc00acb9c0, 0x000001fc00acdb78]
Event: 3.410 Thread 0x000001fc19085360 5200       3       org.jetbrains.kotlin.fir.declarations.DeprecationUtilsKt::getDeprecationsProvider (31 bytes)
Event: 3.411 Thread 0x000001fc19085360 nmethod 5200 0x000001fc00ace490 code [0x000001fc00ace7e0, 0x000001fc00acf928]
Event: 3.411 Thread 0x000001fc19085360 5190       3       org.jetbrains.kotlin.fir.declarations.builder.FirSimpleFunctionBuilder::<init> (89 bytes)

GC Heap History (20 events):
Event: 0.691 GC heap before
{Heap before GC invocations=1 (full 0):
 garbage-first heap   total 253952K, used 35584K [0x0000000709800000, 0x0000000800000000)
  region size 2048K, 17 young (34816K), 2 survivors (4096K)
 Metaspace       used 21258K, committed 21504K, reserved 1114112K
  class space    used 2262K, committed 2368K, reserved 1048576K
}
Event: 0.696 GC heap after
{Heap after GC invocations=2 (full 0):
 garbage-first heap   total 253952K, used 11904K [0x0000000709800000, 0x0000000800000000)
  region size 2048K, 3 young (6144K), 3 survivors (6144K)
 Metaspace       used 21258K, committed 21504K, reserved 1114112K
  class space    used 2262K, committed 2368K, reserved 1048576K
}
Event: 0.709 GC heap before
{Heap before GC invocations=2 (full 0):
 garbage-first heap   total 253952K, used 16000K [0x0000000709800000, 0x0000000800000000)
  region size 2048K, 6 young (12288K), 3 survivors (6144K)
 Metaspace       used 21302K, committed 21504K, reserved 1114112K
  class space    used 2270K, committed 2368K, reserved 1048576K
}
Event: 0.713 GC heap after
{Heap after GC invocations=3 (full 0):
 garbage-first heap   total 253952K, used 14464K [0x0000000709800000, 0x0000000800000000)
  region size 2048K, 3 young (6144K), 3 survivors (6144K)
 Metaspace       used 21302K, committed 21504K, reserved 1114112K
  class space    used 2270K, committed 2368K, reserved 1048576K
}
Event: 1.058 GC heap before
{Heap before GC invocations=4 (full 0):
 garbage-first heap   total 61440K, used 39040K [0x0000000709800000, 0x0000000800000000)
  region size 2048K, 16 young (32768K), 3 survivors (6144K)
 Metaspace       used 29016K, committed 29248K, reserved 1114112K
  class space    used 3678K, committed 3776K, reserved 1048576K
}
Event: 1.064 GC heap after
{Heap after GC invocations=5 (full 0):
 garbage-first heap   total 61440K, used 16111K [0x0000000709800000, 0x0000000800000000)
  region size 2048K, 2 young (4096K), 2 survivors (4096K)
 Metaspace       used 29016K, committed 29248K, reserved 1114112K
  class space    used 3678K, committed 3776K, reserved 1048576K
}
Event: 1.087 GC heap before
{Heap before GC invocations=5 (full 0):
 garbage-first heap   total 61440K, used 18159K [0x0000000709800000, 0x0000000800000000)
  region size 2048K, 3 young (6144K), 2 survivors (4096K)
 Metaspace       used 29475K, committed 29632K, reserved 1114112K
  class space    used 3732K, committed 3776K, reserved 1048576K
}
Event: 1.091 GC heap after
{Heap after GC invocations=6 (full 0):
 garbage-first heap   total 61440K, used 16710K [0x0000000709800000, 0x0000000800000000)
  region size 2048K, 1 young (2048K), 1 survivors (2048K)
 Metaspace       used 29475K, committed 29632K, reserved 1114112K
  class space    used 3732K, committed 3776K, reserved 1048576K
}
Event: 1.263 GC heap before
{Heap before GC invocations=6 (full 0):
 garbage-first heap   total 61440K, used 37190K [0x0000000709800000, 0x0000000800000000)
  region size 2048K, 11 young (22528K), 1 survivors (2048K)
 Metaspace       used 33764K, committed 33984K, reserved 1114112K
  class space    used 4189K, committed 4288K, reserved 1048576K
}
Event: 1.267 GC heap after
{Heap after GC invocations=7 (full 0):
 garbage-first heap   total 157696K, used 17542K [0x0000000709800000, 0x0000000800000000)
  region size 2048K, 1 young (2048K), 1 survivors (2048K)
 Metaspace       used 33764K, committed 33984K, reserved 1114112K
  class space    used 4189K, committed 4288K, reserved 1048576K
}
Event: 1.321 GC heap before
{Heap before GC invocations=7 (full 0):
 garbage-first heap   total 157696K, used 23686K [0x0000000709800000, 0x0000000800000000)
  region size 2048K, 5 young (10240K), 1 survivors (2048K)
 Metaspace       used 35709K, committed 35968K, reserved 1114112K
  class space    used 4384K, committed 4480K, reserved 1048576K
}
Event: 1.323 GC heap after
{Heap after GC invocations=8 (full 0):
 garbage-first heap   total 157696K, used 17709K [0x0000000709800000, 0x0000000800000000)
  region size 2048K, 1 young (2048K), 1 survivors (2048K)
 Metaspace       used 35709K, committed 35968K, reserved 1114112K
  class space    used 4384K, committed 4480K, reserved 1048576K
}
Event: 1.752 GC heap before
{Heap before GC invocations=9 (full 0):
 garbage-first heap   total 69632K, used 54573K [0x0000000709800000, 0x0000000800000000)
  region size 2048K, 20 young (40960K), 1 survivors (2048K)
 Metaspace       used 42596K, committed 42816K, reserved 1114112K
  class space    used 5106K, committed 5248K, reserved 1048576K
}
Event: 1.759 GC heap after
{Heap after GC invocations=10 (full 0):
 garbage-first heap   total 69632K, used 23177K [0x0000000709800000, 0x0000000800000000)
  region size 2048K, 4 young (8192K), 4 survivors (8192K)
 Metaspace       used 42596K, committed 42816K, reserved 1114112K
  class space    used 5106K, committed 5248K, reserved 1048576K
}
Event: 1.764 GC heap before
{Heap before GC invocations=10 (full 0):
 garbage-first heap   total 69632K, used 25225K [0x0000000709800000, 0x0000000800000000)
  region size 2048K, 5 young (10240K), 4 survivors (8192K)
 Metaspace       used 42601K, committed 42880K, reserved 1114112K
  class space    used 5106K, committed 5248K, reserved 1048576K
}
Event: 1.772 GC heap after
{Heap after GC invocations=11 (full 0):
 garbage-first heap   total 69632K, used 23759K [0x0000000709800000, 0x0000000800000000)
  region size 2048K, 1 young (2048K), 1 survivors (2048K)
 Metaspace       used 42601K, committed 42880K, reserved 1114112K
  class space    used 5106K, committed 5248K, reserved 1048576K
}
Event: 1.856 GC heap before
{Heap before GC invocations=11 (full 0):
 garbage-first heap   total 69632K, used 46287K [0x0000000709800000, 0x0000000800000000)
  region size 2048K, 12 young (24576K), 1 survivors (2048K)
 Metaspace       used 43068K, committed 43328K, reserved 1114112K
  class space    used 5137K, committed 5248K, reserved 1048576K
}
Event: 1.863 GC heap after
{Heap after GC invocations=12 (full 0):
 garbage-first heap   total 69632K, used 31369K [0x0000000709800000, 0x0000000800000000)
  region size 2048K, 2 young (4096K), 2 survivors (4096K)
 Metaspace       used 43068K, committed 43328K, reserved 1114112K
  class space    used 5137K, committed 5248K, reserved 1048576K
}
Event: 2.181 GC heap before
{Heap before GC invocations=12 (full 0):
 garbage-first heap   total 69632K, used 45705K [0x0000000709800000, 0x0000000800000000)
  region size 2048K, 10 young (20480K), 2 survivors (4096K)
 Metaspace       used 44501K, committed 44736K, reserved 1114112K
  class space    used 5277K, committed 5376K, reserved 1048576K
}
Event: 2.196 GC heap after
{Heap after GC invocations=13 (full 0):
 garbage-first heap   total 167936K, used 36063K [0x0000000709800000, 0x0000000800000000)
  region size 2048K, 2 young (4096K), 2 survivors (4096K)
 Metaspace       used 44501K, committed 44736K, reserved 1114112K
  class space    used 5277K, committed 5376K, reserved 1048576K
}

Dll operation events (2 events):
Event: 0.005 Loaded shared library C:\Program Files\Android\Android Studio\jbr\bin\java.dll
Event: 0.732 Loaded shared library C:\Program Files\Android\Android Studio\jbr\bin\verify.dll

Deoptimization events (20 events):
Event: 3.208 Thread 0x000001fc736485b0 DEOPT PACKING pc=0x000001fc07d3aadc sp=0x0000007d140f9fd0
Event: 3.208 Thread 0x000001fc736485b0 DEOPT UNPACKING pc=0x000001fc075869a3 sp=0x0000007d140f9f18 mode 2
Event: 3.225 Thread 0x000001fc736485b0 Uncommon trap: trap_request=0xffffffc6 fr.pc=0x000001fc07c6d8c8 relative=0x0000000000000128
Event: 3.225 Thread 0x000001fc736485b0 Uncommon trap: reason=bimorphic_or_optimized_type_check action=maybe_recompile pc=0x000001fc07c6d8c8 method=org.jetbrains.kotlin.load.java.structure.impl.classFiles.BinaryJavaModifierListOwner.getVisibility()Lorg/jetbrains/kotlin/descriptors/Visibility; @
Event: 3.225 Thread 0x000001fc736485b0 DEOPT PACKING pc=0x000001fc07c6d8c8 sp=0x0000007d140f7d10
Event: 3.225 Thread 0x000001fc736485b0 DEOPT UNPACKING pc=0x000001fc075869a3 sp=0x0000007d140f7ca0 mode 2
Event: 3.286 Thread 0x000001fc736485b0 Uncommon trap: trap_request=0xffffffc6 fr.pc=0x000001fc07d6e818 relative=0x0000000000000478
Event: 3.286 Thread 0x000001fc736485b0 Uncommon trap: reason=bimorphic_or_optimized_type_check action=maybe_recompile pc=0x000001fc07d6e818 method=kotlin.jvm.internal.CollectionToArray.toArray(Ljava/util/Collection;)[Ljava/lang/Object; @ 9 c2
Event: 3.286 Thread 0x000001fc736485b0 DEOPT PACKING pc=0x000001fc07d6e818 sp=0x0000007d140fb540
Event: 3.286 Thread 0x000001fc736485b0 DEOPT UNPACKING pc=0x000001fc075869a3 sp=0x0000007d140fb4d8 mode 2
Event: 3.315 Thread 0x000001fc736485b0 DEOPT PACKING pc=0x000001fc004dcc70 sp=0x0000007d140f8730
Event: 3.315 Thread 0x000001fc736485b0 DEOPT UNPACKING pc=0x000001fc07587143 sp=0x0000007d140f7bf0 mode 0
Event: 3.409 Thread 0x000001fc736485b0 Uncommon trap: trap_request=0xffffff45 fr.pc=0x000001fc07bd2464 relative=0x0000000000000344
Event: 3.409 Thread 0x000001fc736485b0 Uncommon trap: reason=unstable_if action=reinterpret pc=0x000001fc07bd2464 method=java.lang.String.indexOf([BBILjava/lang/String;I)I @ 54 c2
Event: 3.409 Thread 0x000001fc736485b0 DEOPT PACKING pc=0x000001fc07bd2464 sp=0x0000007d140f9150
Event: 3.409 Thread 0x000001fc736485b0 DEOPT UNPACKING pc=0x000001fc075869a3 sp=0x0000007d140f9048 mode 2
Event: 3.409 Thread 0x000001fc736485b0 Uncommon trap: trap_request=0xffffff45 fr.pc=0x000001fc07bd2ba8 relative=0x0000000000000308
Event: 3.409 Thread 0x000001fc736485b0 Uncommon trap: reason=unstable_if action=reinterpret pc=0x000001fc07bd2ba8 method=java.lang.String.indexOf([BBILjava/lang/String;I)I @ 54 c2
Event: 3.409 Thread 0x000001fc736485b0 DEOPT PACKING pc=0x000001fc07bd2ba8 sp=0x0000007d140f90b0
Event: 3.409 Thread 0x000001fc736485b0 DEOPT UNPACKING pc=0x000001fc075869a3 sp=0x0000007d140f9040 mode 2

Classes unloaded (0 events):
No events

Classes redefined (0 events):
No events

Internal exceptions (20 events):
Event: 2.125 Thread 0x000001fc736485b0 Implicit null exception at 0x000001fc07b6b20f to 0x000001fc07b6b289
Event: 2.411 Thread 0x000001fc736485b0 Exception <a 'java/lang/NoSuchMethodError'{0x0000000712d41970}: 'java.lang.Object java.lang.invoke.Invokers$Holder.invokeExact_MT(java.lang.Object, java.lang.Object, java.lang.Object, java.lang.Object, java.lang.Object, java.lang.Object)'> (0x0000000712d41970) 
thrown [s\src\hotspot\share\interpreter\linkResolver.cpp, line 771]
Event: 2.805 Thread 0x000001fc736485b0 Exception <a 'java/lang/NoSuchMethodError'{0x0000000711a7aec0}: 'java.lang.Object java.lang.invoke.DirectMethodHandle$Holder.invokeStaticInit(java.lang.Object, java.lang.Object, java.lang.Object, java.lang.Object)'> (0x0000000711a7aec0) 
thrown [s\src\hotspot\share\interpreter\linkResolver.cpp, line 771]
Event: 2.958 Thread 0x000001fc736485b0 Exception <a 'java/lang/NoSuchMethodError'{0x00000007113342f0}: 'java.lang.Object java.lang.invoke.DirectMethodHandle$Holder.newInvokeSpecial(java.lang.Object, java.lang.Object, java.lang.Object, java.lang.Object, java.lang.Object, java.lang.Object)'> (0x00000007113342f0) 
thrown [s\src\hotspot\share\interpreter\linkResolver.cpp, line 771]
Event: 3.016 Thread 0x000001fc736485b0 Exception <a 'java/lang/NoSuchMethodError'{0x0000000710f6f948}: 'java.lang.Object java.lang.invoke.DirectMethodHandle$Holder.invokeStatic(java.lang.Object, java.lang.Object, java.lang.Object, java.lang.Object, int)'> (0x0000000710f6f948) 
thrown [s\src\hotspot\share\interpreter\linkResolver.cpp, line 771]
Event: 3.016 Thread 0x000001fc736485b0 Exception <a 'java/lang/NoSuchMethodError'{0x0000000710f78eb8}: 'java.lang.Object java.lang.invoke.DirectMethodHandle$Holder.newInvokeSpecial(java.lang.Object, java.lang.Object, java.lang.Object, java.lang.Object, int)'> (0x0000000710f78eb8) 
thrown [s\src\hotspot\share\interpreter\linkResolver.cpp, line 771]
Event: 3.017 Thread 0x000001fc736485b0 Exception <a 'java/lang/NoSuchMethodError'{0x0000000710f80b30}: 'java.lang.Object java.lang.invoke.Invokers$Holder.linkToTargetMethod(java.lang.Object, java.lang.Object, java.lang.Object, int, java.lang.Object)'> (0x0000000710f80b30) 
thrown [s\src\hotspot\share\interpreter\linkResolver.cpp, line 771]
Event: 3.055 Thread 0x000001fc736485b0 Exception <a 'java/lang/NoSuchMethodError'{0x0000000710d14898}: 'java.lang.Object java.lang.invoke.DirectMethodHandle$Holder.newInvokeSpecial(java.lang.Object, java.lang.Object, java.lang.Object, java.lang.Object, int, java.lang.Object, java.lang.Object)'> (0x0000000710d14898) 
thrown [s\src\hotspot\share\interpreter\linkResolver.cpp, line 771]
Event: 3.100 Thread 0x000001fc736485b0 Exception <a 'java/lang/NoSuchMethodError'{0x0000000710ad5cb0}: 'java.lang.Object java.lang.invoke.DirectMethodHandle$Holder.newInvokeSpecial(java.lang.Object, java.lang.Object, java.lang.Object, java.lang.Object, java.lang.Object, java.lang.Object, java.lang.Object, java.lang.Object, java.lang.Object)'> (0x0000000710ad5cb0) 
thrown [s\src\hotspot\share\interpreter\linkResolver.cpp, line 771]
Event: 3.100 Thread 0x000001fc736485b0 Exception <a 'java/lang/NoSuchMethodError'{0x0000000710adb570}: 'java.lang.Object java.lang.invoke.DirectMethodHandle$Holder.invokeSpecial(java.lang.Object, java.lang.Object, java.lang.Object, java.lang.Object, java.lang.Object, java.lang.Object, java.lang.Object, java.lang.Object, java.lang.Object, java.lang.Object)'> (0x0000000710adb570) 
thrown [s\src\hotspot\share\interpreter\linkResolver.cpp, line 771]
Event: 3.100 Thread 0x000001fc736485b0 Exception <a 'java/lang/NoSuchMethodError'{0x0000000710adfde0}: 'java.lang.Object java.lang.invoke.Invokers$Holder.linkToTargetMethod(java.lang.Object, java.lang.Object, java.lang.Object, java.lang.Object, java.lang.Object, java.lang.Object, java.lang.Object, java.lang.Object, java.lang.Object)'> (0x0000000710adfde0) 
thrown [s\src\hotspot\share\interpreter\linkResolver.cpp, line 771]
Event: 3.102 Thread 0x000001fc736485b0 Exception <a 'java/lang/NoSuchMethodError'{0x0000000710af5300}: 'java.lang.Object java.lang.invoke.DirectMethodHandle$Holder.newInvokeSpecial(java.lang.Object, java.lang.Object, java.lang.Object, int)'> (0x0000000710af5300) 
thrown [s\src\hotspot\share\interpreter\linkResolver.cpp, line 771]
Event: 3.103 Thread 0x000001fc736485b0 Exception <a 'java/lang/NoSuchMethodError'{0x0000000710af9360}: 'java.lang.Object java.lang.invoke.DirectMethodHandle$Holder.invokeSpecial(java.lang.Object, java.lang.Object, java.lang.Object, java.lang.Object, int)'> (0x0000000710af9360) 
thrown [s\src\hotspot\share\interpreter\linkResolver.cpp, line 771]
Event: 3.103 Thread 0x000001fc736485b0 Exception <a 'java/lang/NoSuchMethodError'{0x0000000710afcd10}: 'java.lang.Object java.lang.invoke.Invokers$Holder.linkToTargetMethod(java.lang.Object, java.lang.Object, int, java.lang.Object)'> (0x0000000710afcd10) 
thrown [s\src\hotspot\share\interpreter\linkResolver.cpp, line 771]
Event: 3.104 Thread 0x000001fc736485b0 Exception <a 'java/lang/NoSuchMethodError'{0x0000000710b0d110}: 'java.lang.Object java.lang.invoke.DirectMethodHandle$Holder.newInvokeSpecial(java.lang.Object, int, java.lang.Object)'> (0x0000000710b0d110) 
thrown [s\src\hotspot\share\interpreter\linkResolver.cpp, line 771]
Event: 3.127 Thread 0x000001fc736485b0 Exception <a 'java/lang/IncompatibleClassChangeError'{0x0000000710be8b98}: Found class java.lang.Object, but interface was expected> (0x0000000710be8b98) 
thrown [s\src\hotspot\share\interpreter\linkResolver.cpp, line 838]
Event: 3.203 Thread 0x000001fc736485b0 Exception <a 'java/lang/NoSuchMethodError'{0x00000007106c17b0}: 'java.lang.Object java.lang.invoke.DirectMethodHandle$Holder.invokeStatic(java.lang.Object, java.lang.Object, java.lang.Object, int, java.lang.Object, java.lang.Object)'> (0x00000007106c17b0) 
thrown [s\src\hotspot\share\interpreter\linkResolver.cpp, line 771]
Event: 3.284 Thread 0x000001fc736485b0 Exception <a 'java/lang/NoSuchMethodError'{0x000000071020e8a0}: 'java.lang.Object java.lang.invoke.DirectMethodHandle$Holder.newInvokeSpecial(java.lang.Object, java.lang.Object, java.lang.Object, java.lang.Object, java.lang.Object, int)'> (0x000000071020e8a0) 
thrown [s\src\hotspot\share\interpreter\linkResolver.cpp, line 771]
Event: 3.387 Thread 0x000001fc736485b0 Exception <a 'java/lang/NoSuchMethodError'{0x000000070fe71cb0}: 'java.lang.Object java.lang.invoke.DirectMethodHandle$Holder.newInvokeSpecial(java.lang.Object, int, java.lang.Object, java.lang.Object, java.lang.Object)'> (0x000000070fe71cb0) 
thrown [s\src\hotspot\share\interpreter\linkResolver.cpp, line 771]
Event: 3.387 Thread 0x000001fc736485b0 Exception <a 'java/lang/NoSuchMethodError'{0x000000070fe79ad8}: 'java.lang.Object java.lang.invoke.Invokers$Holder.linkToTargetMethod(int, java.lang.Object, java.lang.Object, java.lang.Object, java.lang.Object)'> (0x000000070fe79ad8) 
thrown [s\src\hotspot\share\interpreter\linkResolver.cpp, line 771]

VM Operations (20 events):
Event: 2.687 Executing VM operation: HandshakeAllThreads
Event: 2.687 Executing VM operation: HandshakeAllThreads done
Event: 2.700 Executing VM operation: HandshakeAllThreads
Event: 2.700 Executing VM operation: HandshakeAllThreads done
Event: 2.748 Executing VM operation: ICBufferFull
Event: 2.748 Executing VM operation: ICBufferFull done
Event: 3.028 Executing VM operation: ICBufferFull
Event: 3.029 Executing VM operation: ICBufferFull done
Event: 3.126 Executing VM operation: HandshakeAllThreads
Event: 3.126 Executing VM operation: HandshakeAllThreads done
Event: 3.148 Executing VM operation: HandshakeAllThreads
Event: 3.149 Executing VM operation: HandshakeAllThreads done
Event: 3.208 Executing VM operation: ICBufferFull
Event: 3.208 Executing VM operation: ICBufferFull done
Event: 3.296 Executing VM operation: HandshakeAllThreads
Event: 3.296 Executing VM operation: HandshakeAllThreads done
Event: 3.375 Executing VM operation: HandshakeAllThreads
Event: 3.375 Executing VM operation: HandshakeAllThreads done
Event: 3.377 Executing VM operation: HandshakeAllThreads
Event: 3.377 Executing VM operation: HandshakeAllThreads done

Events (20 events):
Event: 2.418 loading class java/lang/reflect/AnnotatedType
Event: 2.418 loading class java/lang/reflect/AnnotatedType done
Event: 2.423 loading class java/beans/PropertyChangeSupport
Event: 2.423 loading class java/beans/PropertyChangeSupport done
Event: 2.423 loading class java/beans/PropertyChangeSupport$PropertyChangeListenerMap
Event: 2.423 loading class java/beans/ChangeListenerMap
Event: 2.423 loading class java/beans/ChangeListenerMap done
Event: 2.423 loading class java/beans/PropertyChangeSupport$PropertyChangeListenerMap done
Event: 2.423 loading class java/beans/PropertyChangeListener
Event: 2.423 loading class java/beans/PropertyChangeListener done
Event: 2.563 loading class java/util/ComparableTimSort
Event: 2.563 loading class java/util/ComparableTimSort done
Event: 2.621 loading class java/util/function/ToIntFunction
Event: 2.621 loading class java/util/function/ToIntFunction done
Event: 2.633 loading class java/util/AbstractList$SubList$1
Event: 2.634 loading class java/util/AbstractList$SubList$1 done
Event: 2.830 loading class java/util/AbstractMap$SimpleImmutableEntry
Event: 2.830 loading class java/util/AbstractMap$SimpleImmutableEntry done
Event: 3.221 loading class java/util/regex/Pattern$StartS
Event: 3.221 loading class java/util/regex/Pattern$StartS done


Dynamic libraries:
0x00007ff63b1a0000 - 0x00007ff63b1aa000 	C:\Program Files\Android\Android Studio\jbr\bin\java.exe
0x00007ff9fde30000 - 0x00007ff9fe027000 	C:\Windows\SYSTEM32\ntdll.dll
0x00007ff9fca20000 - 0x00007ff9fcadd000 	C:\Windows\System32\KERNEL32.DLL
0x00007ff9fb760000 - 0x00007ff9fba2d000 	C:\Windows\System32\KERNELBASE.dll
0x00007ff9fbac0000 - 0x00007ff9fbbc0000 	C:\Windows\System32\ucrtbase.dll
0x00007ff9f64d0000 - 0x00007ff9f64e7000 	C:\Program Files\Android\Android Studio\jbr\bin\jli.dll
0x00007ff9f2e40000 - 0x00007ff9f2e5b000 	C:\Program Files\Android\Android Studio\jbr\bin\VCRUNTIME140.dll
0x00007ff9fd3c0000 - 0x00007ff9fd560000 	C:\Windows\System32\USER32.dll
0x00007ff9ec170000 - 0x00007ff9ec40a000 	C:\Windows\WinSxS\amd64_microsoft.windows.common-controls_6595b64144ccf1df_6.0.19041.1110_none_60b5254171f9507e\COMCTL32.dll
0x00007ff9fbe60000 - 0x00007ff9fbe82000 	C:\Windows\System32\win32u.dll
0x00007ff9fd5e0000 - 0x00007ff9fd60a000 	C:\Windows\System32\GDI32.dll
0x00007ff9fd320000 - 0x00007ff9fd3be000 	C:\Windows\System32\msvcrt.dll
0x00007ff9fb600000 - 0x00007ff9fb70b000 	C:\Windows\System32\gdi32full.dll
0x00007ff9fbd90000 - 0x00007ff9fbe2d000 	C:\Windows\System32\msvcp_win.dll
0x00007ff9fd670000 - 0x00007ff9fd6a0000 	C:\Windows\System32\IMM32.DLL
0x00007ff9f0a80000 - 0x00007ff9f0a8c000 	C:\Program Files\Android\Android Studio\jbr\bin\vcruntime140_1.dll
0x00007ff9e4980000 - 0x00007ff9e4a0d000 	C:\Program Files\Android\Android Studio\jbr\bin\msvcp140.dll
0x00007ff990fc0000 - 0x00007ff991c43000 	C:\Program Files\Android\Android Studio\jbr\bin\server\jvm.dll
0x00007ff9fc1a0000 - 0x00007ff9fc24e000 	C:\Windows\System32\ADVAPI32.dll
0x00007ff9fcc90000 - 0x00007ff9fcd2c000 	C:\Windows\System32\sechost.dll
0x00007ff9fc010000 - 0x00007ff9fc135000 	C:\Windows\System32\RPCRT4.dll
0x00007ff9faae0000 - 0x00007ff9fab2b000 	C:\Windows\SYSTEM32\POWRPROF.dll
0x00007ff9ec0e0000 - 0x00007ff9ec0e9000 	C:\Windows\SYSTEM32\WSOCK32.dll
0x00007ff9eb3d0000 - 0x00007ff9eb3f7000 	C:\Windows\SYSTEM32\WINMM.dll
0x00007ff9fce50000 - 0x00007ff9fcebb000 	C:\Windows\System32\WS2_32.dll
0x00007ff9f46b0000 - 0x00007ff9f46ba000 	C:\Windows\SYSTEM32\VERSION.dll
0x00007ff9fa950000 - 0x00007ff9fa962000 	C:\Windows\SYSTEM32\UMPDC.dll
0x00007ff9f9f10000 - 0x00007ff9f9f22000 	C:\Windows\SYSTEM32\kernel.appcore.dll
0x00007ff9f6ef0000 - 0x00007ff9f6efa000 	C:\Program Files\Android\Android Studio\jbr\bin\jimage.dll
0x00007ff9f4090000 - 0x00007ff9f4274000 	C:\Windows\SYSTEM32\DBGHELP.DLL
0x00007ff9e2610000 - 0x00007ff9e263c000 	C:\Windows\SYSTEM32\dbgcore.DLL
0x00007ff9fba30000 - 0x00007ff9fbab2000 	C:\Windows\System32\bcryptPrimitives.dll
0x00007ff9ec4f0000 - 0x00007ff9ec515000 	C:\Program Files\Android\Android Studio\jbr\bin\java.dll
0x00007ff9ec440000 - 0x00007ff9ec458000 	C:\Program Files\Android\Android Studio\jbr\bin\zip.dll
0x00007ff9fd6a0000 - 0x00007ff9fdde4000 	C:\Windows\System32\SHELL32.dll
0x00007ff9f9510000 - 0x00007ff9f9ca4000 	C:\Windows\SYSTEM32\windows.storage.dll
0x00007ff9fcfb0000 - 0x00007ff9fd304000 	C:\Windows\System32\combase.dll
0x00007ff9faed0000 - 0x00007ff9faefc000 	C:\Windows\SYSTEM32\Wldp.dll
0x00007ff9fbe90000 - 0x00007ff9fbf3d000 	C:\Windows\System32\SHCORE.dll
0x00007ff9fc250000 - 0x00007ff9fc2a5000 	C:\Windows\System32\shlwapi.dll
0x00007ff9fb490000 - 0x00007ff9fb4af000 	C:\Windows\SYSTEM32\profapi.dll
0x00007ff9e95a0000 - 0x00007ff9e95b9000 	C:\Program Files\Android\Android Studio\jbr\bin\net.dll
0x00007ff9f65c0000 - 0x00007ff9f66ca000 	C:\Windows\SYSTEM32\WINHTTP.dll
0x00007ff9facb0000 - 0x00007ff9fad1a000 	C:\Windows\system32\mswsock.dll
0x00007ff9e9580000 - 0x00007ff9e9596000 	C:\Program Files\Android\Android Studio\jbr\bin\nio.dll
0x00007ff9f2e30000 - 0x00007ff9f2e40000 	C:\Program Files\Android\Android Studio\jbr\bin\verify.dll

dbghelp: loaded successfully - version: 4.0.5 - missing functions: none
symbol engine: initialized successfully - sym options: 0x614 - pdb path: .;C:\Program Files\Android\Android Studio\jbr\bin;C:\Windows\SYSTEM32;C:\Windows\WinSxS\amd64_microsoft.windows.common-controls_6595b64144ccf1df_6.0.19041.1110_none_60b5254171f9507e;C:\Program Files\Android\Android Studio\jbr\bin\server

VM Arguments:
java_command: org.jetbrains.kotlin.cli.jvm.K2JVMCompiler @D:\Sem\FocusTime\app\build\20241130_16518626124202478332.compiler.options
java_class_path (initial): C:\Users\Luiza\.gradle\caches\modules-2\files-2.1\org.jetbrains.kotlin\kotlin-compiler-embeddable\2.0.0\1de310de3446414381282ffc46c3ed3919a4d1da\kotlin-compiler-embeddable-2.0.0.jar;C:\Users\Luiza\.gradle\caches\modules-2\files-2.1\org.jetbrains.kotlin\kotlin-stdlib\2.0.0\b48df2c4aede9586cc931ead433bc02d6fd7879e\kotlin-stdlib-2.0.0.jar;C:\Users\Luiza\.gradle\caches\modules-2\files-2.1\org.jetbrains.kotlin\kotlin-script-runtime\2.0.0\fdc27dd047d592fa41d2dfa21e7621287a361612\kotlin-script-runtime-2.0.0.jar;C:\Users\Luiza\.gradle\caches\modules-2\files-2.1\org.jetbrains.kotlin\kotlin-reflect\1.6.10\1cbe9c92c12a94eea200d23c2bbaedaf3daf5132\kotlin-reflect-1.6.10.jar;C:\Users\Luiza\.gradle\caches\modules-2\files-2.1\org.jetbrains.kotlin\kotlin-daemon-embeddable\2.0.0\b39c612768614c4428c96ee9c65477181fffe9d\kotlin-daemon-embeddable-2.0.0.jar;C:\Users\Luiza\.gradle\caches\modules-2\files-2.1\org.jetbrains.intellij.deps\trove4j\1.0.20200330\3afb14d5f9ceb459d724e907a21145e8ff394f02\trove4j-1.0.20200330.jar;C:\Users\Luiza\.gradle\caches\modules-2\files-2.1\org.jetbrains\annotations\13.0\919f0dfe192fb4e063e7dacadee7f8bb9a2672a9\annotations-13.0.jar
Launcher Type: SUN_STANDARD

[Global flags]
     intx CICompilerCount                          = 4                                         {product} {ergonomic}
     uint ConcGCThreads                            = 3                                         {product} {ergonomic}
     uint G1ConcRefinementThreads                  = 10                                        {product} {ergonomic}
   size_t G1HeapRegionSize                         = 2097152                                   {product} {ergonomic}
    uintx GCDrainStackTargetSize                   = 64                                        {product} {ergonomic}
   size_t InitialHeapSize                          = 260046848                                 {product} {ergonomic}
   size_t MarkStackSize                            = 4194304                                   {product} {ergonomic}
   size_t MaxHeapSize                              = 4135583744                                {product} {ergonomic}
   size_t MaxNewSize                               = 2480930816                                {product} {ergonomic}
   size_t MinHeapDeltaBytes                        = 2097152                                   {product} {ergonomic}
   size_t MinHeapSize                              = 8388608                                   {product} {ergonomic}
    uintx NonNMethodCodeHeapSize                   = 5839372                                {pd product} {ergonomic}
    uintx NonProfiledCodeHeapSize                  = 122909434                              {pd product} {ergonomic}
    uintx ProfiledCodeHeapSize                     = 122909434                              {pd product} {ergonomic}
    uintx ReservedCodeCacheSize                    = 251658240                              {pd product} {ergonomic}
     bool SegmentedCodeCache                       = true                                      {product} {ergonomic}
   size_t SoftMaxHeapSize                          = 4135583744                             {manageable} {ergonomic}
     bool UseCompressedClassPointers               = true                           {product lp64_product} {ergonomic}
     bool UseCompressedOops                        = true                           {product lp64_product} {ergonomic}
     bool UseG1GC                                  = true                                      {product} {ergonomic}
     bool UseLargePagesIndividualAllocation        = false                                  {pd product} {ergonomic}

Logging:
Log output configuration:
 #0: stdout all=warning uptime,level,tags
 #1: stderr all=off uptime,level,tags

Environment Variables:
JAVA_HOME=C:\Program Files\jdk-17.0.10+7
PATH=C:\Program Files (x86)\Common Files\Oracle\Java\javapath;C:\Windows\system32;C:\Windows;C:\Windows\System32\Wbem;C:\Windows\System32\WindowsPowerShell\v1.0\;C:\Program Files (x86)\Windows Kits\10\Windows Performance Toolkit\;C:\Program Files\Git\cmd;C:\Program Files\dotnet\;C:\Program Files\nodejs\;C:\Program Files\jdk-17.0.10+7\bin;C:\Windows\System32\OpenSSH\;C:\Program Files\apache-maven-3.8.8\bin;%CATALINA_HOME %\bin;;C:\Program Files\Docker\Docker\resources\bin;C:\Program Files (x86)\CODESYS\APInstaller\;C:\Users\\AppData\Local\Programs\Python\Python312\Scripts\;C:\Users\\AppData\Local\Programs\Python\Python312\;C:\Users\Luiza\AppData\Local\Microsoft\WindowsApps;C:\Users\Luiza\.dotnet\tools;C:\Users\\AppData\Roaming\npm;C:\Users\\AppData\Local\Programs\Microsoft VS Code\bin;;C:\Program Files\JetBrains\PyCharm 2024.1.4\bin;
USERNAME=Luiza
OS=Windows_NT
PROCESSOR_IDENTIFIER=AMD64 Family 25 Model 80 Stepping 0, AuthenticAMD
TMP=C:\Users\Luiza\AppData\Local\Temp
TEMP=C:\Users\Luiza\AppData\Local\Temp



Periodic native trim disabled

JNI global refs:
JNI global refs: 12, weak refs: 9

JNI global refs memory usage: 843, weak refs: 841

Process memory usage:
Resident Set Size: 318284K (1% of 16151940K total physical memory with 1486536K free physical memory)

OOME stack traces (most recent first):
Classloader memory used:
Loader jdk.internal.loader.ClassLoaders$AppClassLoader                                 : 5672K
Loader bootstrap                                                                       : 1302K
Loader java.net.URLClassLoader                                                         : 12949B
Loader jdk.internal.reflect.DelegatingClassLoader                                      : 1699B


---------------  S Y S T E M  ---------------

OS:
 Windows 10 , 64 bit Build 19041 (10.0.19041.1739)
OS uptime: 0 days 19:33 hours
Hyper-V role detected

CPU: total 12 (initial active 12) (12 cores per cpu, 2 threads per core) family 25 model 80 stepping 0 microcode 0x0, cx8, cmov, fxsr, ht, mmx, 3dnowpref, sse, sse2, sse3, ssse3, sse4a, sse4.1, sse4.2, popcnt, lzcnt, tsc, tscinvbit, avx, avx2, aes, erms, clmul, bmi1, bmi2, adx, sha, fma, vzeroupper, clflush, clflushopt, hv
Processor Information for all 12 processors :
  Max Mhz: 3301, Current Mhz: 3301, Mhz Limit: 3301

Memory: 4k page, system-wide physical 15773M (1450M free)
TotalPageFile size 15773M (AvailPageFile size 5M)
current process WorkingSet (physical memory assigned to process): 313M, peak: 313M
current process commit charge ("private bytes"): 394M, peak: 397M

vm_info: OpenJDK 64-Bit Server VM (17.0.11+0--11852314) for windows-amd64 JRE (17.0.11+0--11852314), built on May 16 2024 21:29:20 by "androidbuild" with MS VC++ 16.10 / 16.11 (VS2019)

END.
